[0.307s] DEBUG:colcon:Command line arguments: ['/usr/bin/colcon', 'build', '--symlink-install', '--packages-select', 'body_pose_node']
[0.308s] DEBUG:colcon:Parsed command line arguments: Namespace(log_base=None, log_level=None, verb_name='build', build_base='build', install_base='install', merge_install=False, symlink_install=True, test_result_base=None, continue_on_error=False, executor='parallel', parallel_workers=6, event_handlers=None, ignore_user_meta=False, metas=['./colcon.meta'], base_paths=['.'], packages_ignore=None, packages_ignore_regex=None, paths=None, packages_up_to=None, packages_up_to_regex=None, packages_above=None, packages_above_and_dependencies=None, packages_above_depth=None, packages_select_by_dep=None, packages_skip_by_dep=None, packages_skip_up_to=None, packages_select_build_failed=False, packages_skip_build_finished=False, packages_select_test_failures=False, packages_skip_test_passed=False, packages_select=['body_pose_node'], packages_skip=None, packages_select_regex=None, packages_skip_regex=None, packages_start=None, packages_end=None, allow_overriding=[], cmake_args=None, cmake_target=None, cmake_target_skip_unavailable=False, cmake_clean_cache=False, cmake_clean_first=False, cmake_force_configure=False, ament_cmake_args=None, catkin_cmake_args=None, catkin_skip_building_tests=False, mixin_files=None, mixin=None, verb_parser=<colcon_mixin.mixin.mixin_argument.MixinArgumentDecorator object at 0xffffbb178520>, verb_extension=<colcon_core.verb.build.BuildVerb object at 0xffffbb13fe20>, main=<bound method BuildVerb.main of <colcon_core.verb.build.BuildVerb object at 0xffffbb13fe20>>, mixin_verb=('build',))
[0.392s] Level 1:colcon.colcon_core.package_discovery:discover_packages(colcon_meta) check parameters
[0.392s] Level 1:colcon.colcon_core.package_discovery:discover_packages(recursive) check parameters
[0.392s] Level 1:colcon.colcon_core.package_discovery:discover_packages(ignore) check parameters
[0.392s] Level 1:colcon.colcon_core.package_discovery:discover_packages(path) check parameters
[0.392s] Level 1:colcon.colcon_core.package_discovery:discover_packages(colcon_meta) discover
[0.393s] Level 1:colcon.colcon_core.package_discovery:discover_packages(recursive) discover
[0.393s] INFO:colcon.colcon_core.package_discovery:Crawling recursively for packages in '/home/lebron/ros2_ws/src'
[0.393s] Level 1:colcon.colcon_core.package_identification:_identify(.) by extensions ['ignore', 'ignore_ament_install']
[0.393s] Level 1:colcon.colcon_core.package_identification:_identify(.) by extension 'ignore'
[0.393s] Level 1:colcon.colcon_core.package_identification:_identify(.) by extension 'ignore_ament_install'
[0.394s] Level 1:colcon.colcon_core.package_identification:_identify(.) by extensions ['colcon_pkg']
[0.394s] Level 1:colcon.colcon_core.package_identification:_identify(.) by extension 'colcon_pkg'
[0.394s] Level 1:colcon.colcon_core.package_identification:_identify(.) by extensions ['colcon_meta']
[0.394s] Level 1:colcon.colcon_core.package_identification:_identify(.) by extension 'colcon_meta'
[0.394s] Level 1:colcon.colcon_core.package_identification:_identify(.) by extensions ['ros']
[0.394s] Level 1:colcon.colcon_core.package_identification:_identify(.) by extension 'ros'
[0.425s] Level 1:colcon.colcon_core.package_identification:_identify(.) by extensions ['cmake', 'python']
[0.425s] Level 1:colcon.colcon_core.package_identification:_identify(.) by extension 'cmake'
[0.426s] Level 1:colcon.colcon_core.package_identification:_identify(.) by extension 'python'
[0.426s] Level 1:colcon.colcon_core.package_identification:_identify(.) by extensions ['python_setup_py']
[0.426s] Level 1:colcon.colcon_core.package_identification:_identify(.) by extension 'python_setup_py'
[0.426s] Level 1:colcon.colcon_core.package_identification:_identify(body_pose_node) by extensions ['ignore', 'ignore_ament_install']
[0.427s] Level 1:colcon.colcon_core.package_identification:_identify(body_pose_node) by extension 'ignore'
[0.427s] Level 1:colcon.colcon_core.package_identification:_identify(body_pose_node) by extension 'ignore_ament_install'
[0.427s] Level 1:colcon.colcon_core.package_identification:_identify(body_pose_node) by extensions ['colcon_pkg']
[0.427s] Level 1:colcon.colcon_core.package_identification:_identify(body_pose_node) by extension 'colcon_pkg'
[0.427s] Level 1:colcon.colcon_core.package_identification:_identify(body_pose_node) by extensions ['colcon_meta']
[0.427s] Level 1:colcon.colcon_core.package_identification:_identify(body_pose_node) by extension 'colcon_meta'
[0.427s] Level 1:colcon.colcon_core.package_identification:_identify(body_pose_node) by extensions ['ros']
[0.427s] Level 1:colcon.colcon_core.package_identification:_identify(body_pose_node) by extension 'ros'
[0.437s] DEBUG:colcon.colcon_core.package_identification:Package 'body_pose_node' with type 'ros.ament_python' and name 'body_pose_node'
[0.437s] Level 1:colcon.colcon_core.package_identification:_identify(build) by extensions ['ignore', 'ignore_ament_install']
[0.437s] Level 1:colcon.colcon_core.package_identification:_identify(build) by extension 'ignore'
[0.438s] Level 1:colcon.colcon_core.package_identification:_identify(build) ignored
[0.438s] Level 1:colcon.colcon_core.package_identification:_identify(install) by extensions ['ignore', 'ignore_ament_install']
[0.438s] Level 1:colcon.colcon_core.package_identification:_identify(install) by extension 'ignore'
[0.438s] Level 1:colcon.colcon_core.package_identification:_identify(install) ignored
[0.439s] Level 1:colcon.colcon_core.package_identification:_identify(launch_scripts) by extensions ['ignore', 'ignore_ament_install']
[0.439s] Level 1:colcon.colcon_core.package_identification:_identify(launch_scripts) by extension 'ignore'
[0.439s] Level 1:colcon.colcon_core.package_identification:_identify(launch_scripts) by extension 'ignore_ament_install'
[0.439s] Level 1:colcon.colcon_core.package_identification:_identify(launch_scripts) by extensions ['colcon_pkg']
[0.439s] Level 1:colcon.colcon_core.package_identification:_identify(launch_scripts) by extension 'colcon_pkg'
[0.439s] Level 1:colcon.colcon_core.package_identification:_identify(launch_scripts) by extensions ['colcon_meta']
[0.439s] Level 1:colcon.colcon_core.package_identification:_identify(launch_scripts) by extension 'colcon_meta'
[0.439s] Level 1:colcon.colcon_core.package_identification:_identify(launch_scripts) by extensions ['ros']
[0.439s] Level 1:colcon.colcon_core.package_identification:_identify(launch_scripts) by extension 'ros'
[0.441s] DEBUG:colcon.colcon_core.package_identification:Package 'launch_scripts' with type 'ros.ament_python' and name 'launch_scripts'
[0.441s] Level 1:colcon.colcon_core.package_identification:_identify(log) by extensions ['ignore', 'ignore_ament_install']
[0.442s] Level 1:colcon.colcon_core.package_identification:_identify(log) by extension 'ignore'
[0.442s] Level 1:colcon.colcon_core.package_identification:_identify(log) ignored
[0.442s] Level 1:colcon.colcon_core.package_identification:_identify(mavlink) by extensions ['ignore', 'ignore_ament_install']
[0.442s] Level 1:colcon.colcon_core.package_identification:_identify(mavlink) by extension 'ignore'
[0.442s] Level 1:colcon.colcon_core.package_identification:_identify(mavlink) by extension 'ignore_ament_install'
[0.442s] Level 1:colcon.colcon_core.package_identification:_identify(mavlink) by extensions ['colcon_pkg']
[0.442s] Level 1:colcon.colcon_core.package_identification:_identify(mavlink) by extension 'colcon_pkg'
[0.443s] Level 1:colcon.colcon_core.package_identification:_identify(mavlink) by extensions ['colcon_meta']
[0.443s] Level 1:colcon.colcon_core.package_identification:_identify(mavlink) by extension 'colcon_meta'
[0.443s] Level 1:colcon.colcon_core.package_identification:_identify(mavlink) by extensions ['ros']
[0.443s] Level 1:colcon.colcon_core.package_identification:_identify(mavlink) by extension 'ros'
[0.451s] DEBUG:colcon.colcon_core.package_identification:Package 'mavlink' with type 'ros.cmake' and name 'mavlink'
[0.451s] Level 1:colcon.colcon_core.package_identification:_identify(mavros) by extensions ['ignore', 'ignore_ament_install']
[0.451s] Level 1:colcon.colcon_core.package_identification:_identify(mavros) by extension 'ignore'
[0.452s] Level 1:colcon.colcon_core.package_identification:_identify(mavros) by extension 'ignore_ament_install'
[0.452s] Level 1:colcon.colcon_core.package_identification:_identify(mavros) by extensions ['colcon_pkg']
[0.452s] Level 1:colcon.colcon_core.package_identification:_identify(mavros) by extension 'colcon_pkg'
[0.452s] Level 1:colcon.colcon_core.package_identification:_identify(mavros) by extensions ['colcon_meta']
[0.452s] Level 1:colcon.colcon_core.package_identification:_identify(mavros) by extension 'colcon_meta'
[0.452s] Level 1:colcon.colcon_core.package_identification:_identify(mavros) by extensions ['ros']
[0.452s] Level 1:colcon.colcon_core.package_identification:_identify(mavros) by extension 'ros'
[0.452s] Level 1:colcon.colcon_core.package_identification:_identify(mavros) by extensions ['cmake', 'python']
[0.452s] Level 1:colcon.colcon_core.package_identification:_identify(mavros) by extension 'cmake'
[0.452s] Level 1:colcon.colcon_core.package_identification:_identify(mavros) by extension 'python'
[0.453s] Level 1:colcon.colcon_core.package_identification:_identify(mavros) by extensions ['python_setup_py']
[0.453s] Level 1:colcon.colcon_core.package_identification:_identify(mavros) by extension 'python_setup_py'
[0.453s] Level 1:colcon.colcon_core.package_identification:_identify(mavros/libmavconn) by extensions ['ignore', 'ignore_ament_install']
[0.453s] Level 1:colcon.colcon_core.package_identification:_identify(mavros/libmavconn) by extension 'ignore'
[0.453s] Level 1:colcon.colcon_core.package_identification:_identify(mavros/libmavconn) by extension 'ignore_ament_install'
[0.453s] Level 1:colcon.colcon_core.package_identification:_identify(mavros/libmavconn) by extensions ['colcon_pkg']
[0.453s] Level 1:colcon.colcon_core.package_identification:_identify(mavros/libmavconn) by extension 'colcon_pkg'
[0.453s] Level 1:colcon.colcon_core.package_identification:_identify(mavros/libmavconn) by extensions ['colcon_meta']
[0.453s] Level 1:colcon.colcon_core.package_identification:_identify(mavros/libmavconn) by extension 'colcon_meta'
[0.454s] Level 1:colcon.colcon_core.package_identification:_identify(mavros/libmavconn) by extensions ['ros']
[0.454s] Level 1:colcon.colcon_core.package_identification:_identify(mavros/libmavconn) by extension 'ros'
[0.455s] DEBUG:colcon.colcon_core.package_identification:Package 'mavros/libmavconn' with type 'ros.ament_cmake' and name 'libmavconn'
[0.456s] Level 1:colcon.colcon_core.package_identification:_identify(mavros/mavros) by extensions ['ignore', 'ignore_ament_install']
[0.456s] Level 1:colcon.colcon_core.package_identification:_identify(mavros/mavros) by extension 'ignore'
[0.456s] Level 1:colcon.colcon_core.package_identification:_identify(mavros/mavros) by extension 'ignore_ament_install'
[0.456s] Level 1:colcon.colcon_core.package_identification:_identify(mavros/mavros) by extensions ['colcon_pkg']
[0.456s] Level 1:colcon.colcon_core.package_identification:_identify(mavros/mavros) by extension 'colcon_pkg'
[0.456s] Level 1:colcon.colcon_core.package_identification:_identify(mavros/mavros) by extensions ['colcon_meta']
[0.456s] Level 1:colcon.colcon_core.package_identification:_identify(mavros/mavros) by extension 'colcon_meta'
[0.457s] Level 1:colcon.colcon_core.package_identification:_identify(mavros/mavros) by extensions ['ros']
[0.457s] Level 1:colcon.colcon_core.package_identification:_identify(mavros/mavros) by extension 'ros'
[0.462s] DEBUG:colcon.colcon_core.package_identification:Package 'mavros/mavros' with type 'ros.ament_cmake' and name 'mavros'
[0.462s] Level 1:colcon.colcon_core.package_identification:_identify(mavros/mavros_extras) by extensions ['ignore', 'ignore_ament_install']
[0.462s] Level 1:colcon.colcon_core.package_identification:_identify(mavros/mavros_extras) by extension 'ignore'
[0.462s] Level 1:colcon.colcon_core.package_identification:_identify(mavros/mavros_extras) by extension 'ignore_ament_install'
[0.462s] Level 1:colcon.colcon_core.package_identification:_identify(mavros/mavros_extras) by extensions ['colcon_pkg']
[0.463s] Level 1:colcon.colcon_core.package_identification:_identify(mavros/mavros_extras) by extension 'colcon_pkg'
[0.463s] Level 1:colcon.colcon_core.package_identification:_identify(mavros/mavros_extras) by extensions ['colcon_meta']
[0.463s] Level 1:colcon.colcon_core.package_identification:_identify(mavros/mavros_extras) by extension 'colcon_meta'
[0.463s] Level 1:colcon.colcon_core.package_identification:_identify(mavros/mavros_extras) by extensions ['ros']
[0.463s] Level 1:colcon.colcon_core.package_identification:_identify(mavros/mavros_extras) by extension 'ros'
[0.471s] DEBUG:colcon.colcon_core.package_identification:Package 'mavros/mavros_extras' with type 'ros.ament_cmake' and name 'mavros_extras'
[0.471s] Level 1:colcon.colcon_core.package_identification:_identify(mavros/mavros_msgs) by extensions ['ignore', 'ignore_ament_install']
[0.471s] Level 1:colcon.colcon_core.package_identification:_identify(mavros/mavros_msgs) by extension 'ignore'
[0.472s] Level 1:colcon.colcon_core.package_identification:_identify(mavros/mavros_msgs) by extension 'ignore_ament_install'
[0.472s] Level 1:colcon.colcon_core.package_identification:_identify(mavros/mavros_msgs) by extensions ['colcon_pkg']
[0.472s] Level 1:colcon.colcon_core.package_identification:_identify(mavros/mavros_msgs) by extension 'colcon_pkg'
[0.472s] Level 1:colcon.colcon_core.package_identification:_identify(mavros/mavros_msgs) by extensions ['colcon_meta']
[0.472s] Level 1:colcon.colcon_core.package_identification:_identify(mavros/mavros_msgs) by extension 'colcon_meta'
[0.472s] Level 1:colcon.colcon_core.package_identification:_identify(mavros/mavros_msgs) by extensions ['ros']
[0.472s] Level 1:colcon.colcon_core.package_identification:_identify(mavros/mavros_msgs) by extension 'ros'
[0.474s] DEBUG:colcon.colcon_core.package_identification:Package 'mavros/mavros_msgs' with type 'ros.ament_cmake' and name 'mavros_msgs'
[0.474s] Level 1:colcon.colcon_core.package_identification:_identify(mavros/test_mavros) by extensions ['ignore', 'ignore_ament_install']
[0.475s] Level 1:colcon.colcon_core.package_identification:_identify(mavros/test_mavros) by extension 'ignore'
[0.475s] Level 1:colcon.colcon_core.package_identification:_identify(mavros/test_mavros) ignored
[0.475s] Level 1:colcon.colcon_core.package_identification:_identify(mmlove_GS720P02_camera) by extensions ['ignore', 'ignore_ament_install']
[0.475s] Level 1:colcon.colcon_core.package_identification:_identify(mmlove_GS720P02_camera) by extension 'ignore'
[0.475s] Level 1:colcon.colcon_core.package_identification:_identify(mmlove_GS720P02_camera) by extension 'ignore_ament_install'
[0.475s] Level 1:colcon.colcon_core.package_identification:_identify(mmlove_GS720P02_camera) by extensions ['colcon_pkg']
[0.475s] Level 1:colcon.colcon_core.package_identification:_identify(mmlove_GS720P02_camera) by extension 'colcon_pkg'
[0.475s] Level 1:colcon.colcon_core.package_identification:_identify(mmlove_GS720P02_camera) by extensions ['colcon_meta']
[0.476s] Level 1:colcon.colcon_core.package_identification:_identify(mmlove_GS720P02_camera) by extension 'colcon_meta'
[0.476s] Level 1:colcon.colcon_core.package_identification:_identify(mmlove_GS720P02_camera) by extensions ['ros']
[0.476s] Level 1:colcon.colcon_core.package_identification:_identify(mmlove_GS720P02_camera) by extension 'ros'
[0.477s] DEBUG:colcon.colcon_core.package_identification:Package 'mmlove_GS720P02_camera' with type 'ros.ament_python' and name 'mmlove_GS720P02_camera'
[0.477s] Level 1:colcon.colcon_core.package_identification:_identify(offboard_controller) by extensions ['ignore', 'ignore_ament_install']
[0.478s] Level 1:colcon.colcon_core.package_identification:_identify(offboard_controller) by extension 'ignore'
[0.478s] Level 1:colcon.colcon_core.package_identification:_identify(offboard_controller) by extension 'ignore_ament_install'
[0.478s] Level 1:colcon.colcon_core.package_identification:_identify(offboard_controller) by extensions ['colcon_pkg']
[0.478s] Level 1:colcon.colcon_core.package_identification:_identify(offboard_controller) by extension 'colcon_pkg'
[0.478s] Level 1:colcon.colcon_core.package_identification:_identify(offboard_controller) by extensions ['colcon_meta']
[0.478s] Level 1:colcon.colcon_core.package_identification:_identify(offboard_controller) by extension 'colcon_meta'
[0.478s] Level 1:colcon.colcon_core.package_identification:_identify(offboard_controller) by extensions ['ros']
[0.479s] Level 1:colcon.colcon_core.package_identification:_identify(offboard_controller) by extension 'ros'
[0.480s] DEBUG:colcon.colcon_core.package_identification:Package 'offboard_controller' with type 'ros.ament_python' and name 'offboard_controller'
[0.480s] Level 1:colcon.colcon_core.package_identification:_identify(realsense-ros) by extensions ['ignore', 'ignore_ament_install']
[0.480s] Level 1:colcon.colcon_core.package_identification:_identify(realsense-ros) by extension 'ignore'
[0.480s] Level 1:colcon.colcon_core.package_identification:_identify(realsense-ros) by extension 'ignore_ament_install'
[0.481s] Level 1:colcon.colcon_core.package_identification:_identify(realsense-ros) by extensions ['colcon_pkg']
[0.481s] Level 1:colcon.colcon_core.package_identification:_identify(realsense-ros) by extension 'colcon_pkg'
[0.481s] Level 1:colcon.colcon_core.package_identification:_identify(realsense-ros) by extensions ['colcon_meta']
[0.481s] Level 1:colcon.colcon_core.package_identification:_identify(realsense-ros) by extension 'colcon_meta'
[0.481s] Level 1:colcon.colcon_core.package_identification:_identify(realsense-ros) by extensions ['ros']
[0.481s] Level 1:colcon.colcon_core.package_identification:_identify(realsense-ros) by extension 'ros'
[0.481s] Level 1:colcon.colcon_core.package_identification:_identify(realsense-ros) by extensions ['cmake', 'python']
[0.481s] Level 1:colcon.colcon_core.package_identification:_identify(realsense-ros) by extension 'cmake'
[0.481s] Level 1:colcon.colcon_core.package_identification:_identify(realsense-ros) by extension 'python'
[0.481s] Level 1:colcon.colcon_core.package_identification:_identify(realsense-ros) by extensions ['python_setup_py']
[0.481s] Level 1:colcon.colcon_core.package_identification:_identify(realsense-ros) by extension 'python_setup_py'
[0.482s] Level 1:colcon.colcon_core.package_identification:_identify(realsense-ros/realsense2_camera) by extensions ['ignore', 'ignore_ament_install']
[0.482s] Level 1:colcon.colcon_core.package_identification:_identify(realsense-ros/realsense2_camera) by extension 'ignore'
[0.482s] Level 1:colcon.colcon_core.package_identification:_identify(realsense-ros/realsense2_camera) by extension 'ignore_ament_install'
[0.482s] Level 1:colcon.colcon_core.package_identification:_identify(realsense-ros/realsense2_camera) by extensions ['colcon_pkg']
[0.482s] Level 1:colcon.colcon_core.package_identification:_identify(realsense-ros/realsense2_camera) by extension 'colcon_pkg'
[0.482s] Level 1:colcon.colcon_core.package_identification:_identify(realsense-ros/realsense2_camera) by extensions ['colcon_meta']
[0.482s] Level 1:colcon.colcon_core.package_identification:_identify(realsense-ros/realsense2_camera) by extension 'colcon_meta'
[0.482s] Level 1:colcon.colcon_core.package_identification:_identify(realsense-ros/realsense2_camera) by extensions ['ros']
[0.482s] Level 1:colcon.colcon_core.package_identification:_identify(realsense-ros/realsense2_camera) by extension 'ros'
[0.491s] DEBUG:colcon.colcon_core.package_identification:Package 'realsense-ros/realsense2_camera' with type 'ros.ament_cmake' and name 'realsense2_camera'
[0.491s] Level 1:colcon.colcon_core.package_identification:_identify(realsense-ros/realsense2_camera_msgs) by extensions ['ignore', 'ignore_ament_install']
[0.491s] Level 1:colcon.colcon_core.package_identification:_identify(realsense-ros/realsense2_camera_msgs) by extension 'ignore'
[0.492s] Level 1:colcon.colcon_core.package_identification:_identify(realsense-ros/realsense2_camera_msgs) by extension 'ignore_ament_install'
[0.492s] Level 1:colcon.colcon_core.package_identification:_identify(realsense-ros/realsense2_camera_msgs) by extensions ['colcon_pkg']
[0.492s] Level 1:colcon.colcon_core.package_identification:_identify(realsense-ros/realsense2_camera_msgs) by extension 'colcon_pkg'
[0.492s] Level 1:colcon.colcon_core.package_identification:_identify(realsense-ros/realsense2_camera_msgs) by extensions ['colcon_meta']
[0.492s] Level 1:colcon.colcon_core.package_identification:_identify(realsense-ros/realsense2_camera_msgs) by extension 'colcon_meta'
[0.492s] Level 1:colcon.colcon_core.package_identification:_identify(realsense-ros/realsense2_camera_msgs) by extensions ['ros']
[0.492s] Level 1:colcon.colcon_core.package_identification:_identify(realsense-ros/realsense2_camera_msgs) by extension 'ros'
[0.494s] DEBUG:colcon.colcon_core.package_identification:Package 'realsense-ros/realsense2_camera_msgs' with type 'ros.ament_cmake' and name 'realsense2_camera_msgs'
[0.494s] Level 1:colcon.colcon_core.package_identification:_identify(realsense-ros/realsense2_description) by extensions ['ignore', 'ignore_ament_install']
[0.495s] Level 1:colcon.colcon_core.package_identification:_identify(realsense-ros/realsense2_description) by extension 'ignore'
[0.495s] Level 1:colcon.colcon_core.package_identification:_identify(realsense-ros/realsense2_description) by extension 'ignore_ament_install'
[0.495s] Level 1:colcon.colcon_core.package_identification:_identify(realsense-ros/realsense2_description) by extensions ['colcon_pkg']
[0.495s] Level 1:colcon.colcon_core.package_identification:_identify(realsense-ros/realsense2_description) by extension 'colcon_pkg'
[0.495s] Level 1:colcon.colcon_core.package_identification:_identify(realsense-ros/realsense2_description) by extensions ['colcon_meta']
[0.495s] Level 1:colcon.colcon_core.package_identification:_identify(realsense-ros/realsense2_description) by extension 'colcon_meta'
[0.495s] Level 1:colcon.colcon_core.package_identification:_identify(realsense-ros/realsense2_description) by extensions ['ros']
[0.495s] Level 1:colcon.colcon_core.package_identification:_identify(realsense-ros/realsense2_description) by extension 'ros'
[0.497s] DEBUG:colcon.colcon_core.package_identification:Package 'realsense-ros/realsense2_description' with type 'ros.ament_cmake' and name 'realsense2_description'
[0.498s] Level 1:colcon.colcon_core.package_identification:_identify(realsense-ros/scripts) by extensions ['ignore', 'ignore_ament_install']
[0.498s] Level 1:colcon.colcon_core.package_identification:_identify(realsense-ros/scripts) by extension 'ignore'
[0.498s] Level 1:colcon.colcon_core.package_identification:_identify(realsense-ros/scripts) by extension 'ignore_ament_install'
[0.498s] Level 1:colcon.colcon_core.package_identification:_identify(realsense-ros/scripts) by extensions ['colcon_pkg']
[0.498s] Level 1:colcon.colcon_core.package_identification:_identify(realsense-ros/scripts) by extension 'colcon_pkg'
[0.498s] Level 1:colcon.colcon_core.package_identification:_identify(realsense-ros/scripts) by extensions ['colcon_meta']
[0.498s] Level 1:colcon.colcon_core.package_identification:_identify(realsense-ros/scripts) by extension 'colcon_meta'
[0.499s] Level 1:colcon.colcon_core.package_identification:_identify(realsense-ros/scripts) by extensions ['ros']
[0.499s] Level 1:colcon.colcon_core.package_identification:_identify(realsense-ros/scripts) by extension 'ros'
[0.499s] Level 1:colcon.colcon_core.package_identification:_identify(realsense-ros/scripts) by extensions ['cmake', 'python']
[0.499s] Level 1:colcon.colcon_core.package_identification:_identify(realsense-ros/scripts) by extension 'cmake'
[0.499s] Level 1:colcon.colcon_core.package_identification:_identify(realsense-ros/scripts) by extension 'python'
[0.499s] Level 1:colcon.colcon_core.package_identification:_identify(realsense-ros/scripts) by extensions ['python_setup_py']
[0.499s] Level 1:colcon.colcon_core.package_identification:_identify(realsense-ros/scripts) by extension 'python_setup_py'
[0.499s] Level 1:colcon.colcon_core.package_identification:_identify(reconstruction) by extensions ['ignore', 'ignore_ament_install']
[0.500s] Level 1:colcon.colcon_core.package_identification:_identify(reconstruction) by extension 'ignore'
[0.500s] Level 1:colcon.colcon_core.package_identification:_identify(reconstruction) by extension 'ignore_ament_install'
[0.500s] Level 1:colcon.colcon_core.package_identification:_identify(reconstruction) by extensions ['colcon_pkg']
[0.500s] Level 1:colcon.colcon_core.package_identification:_identify(reconstruction) by extension 'colcon_pkg'
[0.500s] Level 1:colcon.colcon_core.package_identification:_identify(reconstruction) by extensions ['colcon_meta']
[0.500s] Level 1:colcon.colcon_core.package_identification:_identify(reconstruction) by extension 'colcon_meta'
[0.500s] Level 1:colcon.colcon_core.package_identification:_identify(reconstruction) by extensions ['ros']
[0.500s] Level 1:colcon.colcon_core.package_identification:_identify(reconstruction) by extension 'ros'
[0.502s] DEBUG:colcon.colcon_core.package_identification:Package 'reconstruction' with type 'ros.ament_python' and name 'reconstruction'
[0.502s] Level 1:colcon.colcon_core.package_identification:_identify(surveillance) by extensions ['ignore', 'ignore_ament_install']
[0.502s] Level 1:colcon.colcon_core.package_identification:_identify(surveillance) by extension 'ignore'
[0.503s] Level 1:colcon.colcon_core.package_identification:_identify(surveillance) by extension 'ignore_ament_install'
[0.503s] Level 1:colcon.colcon_core.package_identification:_identify(surveillance) by extensions ['colcon_pkg']
[0.503s] Level 1:colcon.colcon_core.package_identification:_identify(surveillance) by extension 'colcon_pkg'
[0.503s] Level 1:colcon.colcon_core.package_identification:_identify(surveillance) by extensions ['colcon_meta']
[0.503s] Level 1:colcon.colcon_core.package_identification:_identify(surveillance) by extension 'colcon_meta'
[0.503s] Level 1:colcon.colcon_core.package_identification:_identify(surveillance) by extensions ['ros']
[0.503s] Level 1:colcon.colcon_core.package_identification:_identify(surveillance) by extension 'ros'
[0.504s] DEBUG:colcon.colcon_core.package_identification:Package 'surveillance' with type 'ros.ament_python' and name 'surveillance'
[0.505s] Level 1:colcon.colcon_core.package_identification:_identify(surveillance_msgs) by extensions ['ignore', 'ignore_ament_install']
[0.505s] Level 1:colcon.colcon_core.package_identification:_identify(surveillance_msgs) by extension 'ignore'
[0.505s] Level 1:colcon.colcon_core.package_identification:_identify(surveillance_msgs) by extension 'ignore_ament_install'
[0.505s] Level 1:colcon.colcon_core.package_identification:_identify(surveillance_msgs) by extensions ['colcon_pkg']
[0.505s] Level 1:colcon.colcon_core.package_identification:_identify(surveillance_msgs) by extension 'colcon_pkg'
[0.505s] Level 1:colcon.colcon_core.package_identification:_identify(surveillance_msgs) by extensions ['colcon_meta']
[0.505s] Level 1:colcon.colcon_core.package_identification:_identify(surveillance_msgs) by extension 'colcon_meta'
[0.506s] Level 1:colcon.colcon_core.package_identification:_identify(surveillance_msgs) by extensions ['ros']
[0.506s] Level 1:colcon.colcon_core.package_identification:_identify(surveillance_msgs) by extension 'ros'
[0.507s] DEBUG:colcon.colcon_core.package_identification:Package 'surveillance_msgs' with type 'ros.ament_cmake' and name 'surveillance_msgs'
[0.507s] Level 1:colcon.colcon_core.package_identification:_identify(utils) by extensions ['ignore', 'ignore_ament_install']
[0.508s] Level 1:colcon.colcon_core.package_identification:_identify(utils) by extension 'ignore'
[0.508s] Level 1:colcon.colcon_core.package_identification:_identify(utils) by extension 'ignore_ament_install'
[0.508s] Level 1:colcon.colcon_core.package_identification:_identify(utils) by extensions ['colcon_pkg']
[0.508s] Level 1:colcon.colcon_core.package_identification:_identify(utils) by extension 'colcon_pkg'
[0.508s] Level 1:colcon.colcon_core.package_identification:_identify(utils) by extensions ['colcon_meta']
[0.508s] Level 1:colcon.colcon_core.package_identification:_identify(utils) by extension 'colcon_meta'
[0.508s] Level 1:colcon.colcon_core.package_identification:_identify(utils) by extensions ['ros']
[0.508s] Level 1:colcon.colcon_core.package_identification:_identify(utils) by extension 'ros'
[0.510s] DEBUG:colcon.colcon_core.package_identification:Package 'utils' with type 'ros.ament_python' and name 'utils'
[0.510s] Level 1:colcon.colcon_core.package_identification:_identify(yolo_ros) by extensions ['ignore', 'ignore_ament_install']
[0.510s] Level 1:colcon.colcon_core.package_identification:_identify(yolo_ros) by extension 'ignore'
[0.510s] Level 1:colcon.colcon_core.package_identification:_identify(yolo_ros) by extension 'ignore_ament_install'
[0.511s] Level 1:colcon.colcon_core.package_identification:_identify(yolo_ros) by extensions ['colcon_pkg']
[0.511s] Level 1:colcon.colcon_core.package_identification:_identify(yolo_ros) by extension 'colcon_pkg'
[0.511s] Level 1:colcon.colcon_core.package_identification:_identify(yolo_ros) by extensions ['colcon_meta']
[0.511s] Level 1:colcon.colcon_core.package_identification:_identify(yolo_ros) by extension 'colcon_meta'
[0.511s] Level 1:colcon.colcon_core.package_identification:_identify(yolo_ros) by extensions ['ros']
[0.511s] Level 1:colcon.colcon_core.package_identification:_identify(yolo_ros) by extension 'ros'
[0.511s] Level 1:colcon.colcon_core.package_identification:_identify(yolo_ros) by extensions ['cmake', 'python']
[0.511s] Level 1:colcon.colcon_core.package_identification:_identify(yolo_ros) by extension 'cmake'
[0.511s] Level 1:colcon.colcon_core.package_identification:_identify(yolo_ros) by extension 'python'
[0.511s] Level 1:colcon.colcon_core.package_identification:_identify(yolo_ros) by extensions ['python_setup_py']
[0.511s] Level 1:colcon.colcon_core.package_identification:_identify(yolo_ros) by extension 'python_setup_py'
[0.512s] Level 1:colcon.colcon_core.package_identification:_identify(yolo_ros/docs) by extensions ['ignore', 'ignore_ament_install']
[0.512s] Level 1:colcon.colcon_core.package_identification:_identify(yolo_ros/docs) by extension 'ignore'
[0.512s] Level 1:colcon.colcon_core.package_identification:_identify(yolo_ros/docs) by extension 'ignore_ament_install'
[0.512s] Level 1:colcon.colcon_core.package_identification:_identify(yolo_ros/docs) by extensions ['colcon_pkg']
[0.512s] Level 1:colcon.colcon_core.package_identification:_identify(yolo_ros/docs) by extension 'colcon_pkg'
[0.512s] Level 1:colcon.colcon_core.package_identification:_identify(yolo_ros/docs) by extensions ['colcon_meta']
[0.512s] Level 1:colcon.colcon_core.package_identification:_identify(yolo_ros/docs) by extension 'colcon_meta'
[0.512s] Level 1:colcon.colcon_core.package_identification:_identify(yolo_ros/docs) by extensions ['ros']
[0.512s] Level 1:colcon.colcon_core.package_identification:_identify(yolo_ros/docs) by extension 'ros'
[0.513s] Level 1:colcon.colcon_core.package_identification:_identify(yolo_ros/docs) by extensions ['cmake', 'python']
[0.513s] Level 1:colcon.colcon_core.package_identification:_identify(yolo_ros/docs) by extension 'cmake'
[0.513s] Level 1:colcon.colcon_core.package_identification:_identify(yolo_ros/docs) by extension 'python'
[0.513s] Level 1:colcon.colcon_core.package_identification:_identify(yolo_ros/docs) by extensions ['python_setup_py']
[0.513s] Level 1:colcon.colcon_core.package_identification:_identify(yolo_ros/docs) by extension 'python_setup_py'
[0.513s] Level 1:colcon.colcon_core.package_identification:_identify(yolo_ros/yolo_bringup) by extensions ['ignore', 'ignore_ament_install']
[0.513s] Level 1:colcon.colcon_core.package_identification:_identify(yolo_ros/yolo_bringup) by extension 'ignore'
[0.513s] Level 1:colcon.colcon_core.package_identification:_identify(yolo_ros/yolo_bringup) by extension 'ignore_ament_install'
[0.513s] Level 1:colcon.colcon_core.package_identification:_identify(yolo_ros/yolo_bringup) by extensions ['colcon_pkg']
[0.513s] Level 1:colcon.colcon_core.package_identification:_identify(yolo_ros/yolo_bringup) by extension 'colcon_pkg'
[0.514s] Level 1:colcon.colcon_core.package_identification:_identify(yolo_ros/yolo_bringup) by extensions ['colcon_meta']
[0.514s] Level 1:colcon.colcon_core.package_identification:_identify(yolo_ros/yolo_bringup) by extension 'colcon_meta'
[0.514s] Level 1:colcon.colcon_core.package_identification:_identify(yolo_ros/yolo_bringup) by extensions ['ros']
[0.514s] Level 1:colcon.colcon_core.package_identification:_identify(yolo_ros/yolo_bringup) by extension 'ros'
[0.515s] DEBUG:colcon.colcon_core.package_identification:Package 'yolo_ros/yolo_bringup' with type 'ros.ament_cmake' and name 'yolo_bringup'
[0.515s] Level 1:colcon.colcon_core.package_identification:_identify(yolo_ros/yolo_msgs) by extensions ['ignore', 'ignore_ament_install']
[0.516s] Level 1:colcon.colcon_core.package_identification:_identify(yolo_ros/yolo_msgs) by extension 'ignore'
[0.516s] Level 1:colcon.colcon_core.package_identification:_identify(yolo_ros/yolo_msgs) by extension 'ignore_ament_install'
[0.516s] Level 1:colcon.colcon_core.package_identification:_identify(yolo_ros/yolo_msgs) by extensions ['colcon_pkg']
[0.516s] Level 1:colcon.colcon_core.package_identification:_identify(yolo_ros/yolo_msgs) by extension 'colcon_pkg'
[0.516s] Level 1:colcon.colcon_core.package_identification:_identify(yolo_ros/yolo_msgs) by extensions ['colcon_meta']
[0.516s] Level 1:colcon.colcon_core.package_identification:_identify(yolo_ros/yolo_msgs) by extension 'colcon_meta'
[0.516s] Level 1:colcon.colcon_core.package_identification:_identify(yolo_ros/yolo_msgs) by extensions ['ros']
[0.516s] Level 1:colcon.colcon_core.package_identification:_identify(yolo_ros/yolo_msgs) by extension 'ros'
[0.518s] DEBUG:colcon.colcon_core.package_identification:Package 'yolo_ros/yolo_msgs' with type 'ros.ament_cmake' and name 'yolo_msgs'
[0.518s] Level 1:colcon.colcon_core.package_identification:_identify(yolo_ros/yolo_ros) by extensions ['ignore', 'ignore_ament_install']
[0.518s] Level 1:colcon.colcon_core.package_identification:_identify(yolo_ros/yolo_ros) by extension 'ignore'
[0.518s] Level 1:colcon.colcon_core.package_identification:_identify(yolo_ros/yolo_ros) by extension 'ignore_ament_install'
[0.519s] Level 1:colcon.colcon_core.package_identification:_identify(yolo_ros/yolo_ros) by extensions ['colcon_pkg']
[0.519s] Level 1:colcon.colcon_core.package_identification:_identify(yolo_ros/yolo_ros) by extension 'colcon_pkg'
[0.519s] Level 1:colcon.colcon_core.package_identification:_identify(yolo_ros/yolo_ros) by extensions ['colcon_meta']
[0.519s] Level 1:colcon.colcon_core.package_identification:_identify(yolo_ros/yolo_ros) by extension 'colcon_meta'
[0.519s] Level 1:colcon.colcon_core.package_identification:_identify(yolo_ros/yolo_ros) by extensions ['ros']
[0.519s] Level 1:colcon.colcon_core.package_identification:_identify(yolo_ros/yolo_ros) by extension 'ros'
[0.521s] DEBUG:colcon.colcon_core.package_identification:Package 'yolo_ros/yolo_ros' with type 'ros.ament_python' and name 'yolo_ros'
[0.521s] Level 1:colcon.colcon_core.package_discovery:discover_packages(recursive) using defaults
[0.521s] Level 1:colcon.colcon_core.package_discovery:discover_packages(ignore) discover
[0.521s] Level 1:colcon.colcon_core.package_discovery:discover_packages(ignore) using defaults
[0.521s] Level 1:colcon.colcon_core.package_discovery:discover_packages(path) discover
[0.521s] Level 1:colcon.colcon_core.package_discovery:discover_packages(path) using defaults
[0.580s] INFO:colcon.colcon_core.package_selection:Skipping not selected package 'launch_scripts' in 'launch_scripts'
[0.580s] INFO:colcon.colcon_core.package_selection:Skipping not selected package 'mavlink' in 'mavlink'
[0.580s] INFO:colcon.colcon_core.package_selection:Skipping not selected package 'mavros_msgs' in 'mavros/mavros_msgs'
[0.580s] INFO:colcon.colcon_core.package_selection:Skipping not selected package 'mmlove_GS720P02_camera' in 'mmlove_GS720P02_camera'
[0.580s] INFO:colcon.colcon_core.package_selection:Skipping not selected package 'offboard_controller' in 'offboard_controller'
[0.580s] INFO:colcon.colcon_core.package_selection:Skipping not selected package 'realsense2_camera_msgs' in 'realsense-ros/realsense2_camera_msgs'
[0.580s] INFO:colcon.colcon_core.package_selection:Skipping not selected package 'surveillance' in 'surveillance'
[0.580s] INFO:colcon.colcon_core.package_selection:Skipping not selected package 'surveillance_msgs' in 'surveillance_msgs'
[0.580s] INFO:colcon.colcon_core.package_selection:Skipping not selected package 'utils' in 'utils'
[0.580s] INFO:colcon.colcon_core.package_selection:Skipping not selected package 'yolo_msgs' in 'yolo_ros/yolo_msgs'
[0.580s] INFO:colcon.colcon_core.package_selection:Skipping not selected package 'libmavconn' in 'mavros/libmavconn'
[0.580s] INFO:colcon.colcon_core.package_selection:Skipping not selected package 'realsense2_camera' in 'realsense-ros/realsense2_camera'
[0.580s] INFO:colcon.colcon_core.package_selection:Skipping not selected package 'realsense2_description' in 'realsense-ros/realsense2_description'
[0.580s] INFO:colcon.colcon_core.package_selection:Skipping not selected package 'reconstruction' in 'reconstruction'
[0.581s] INFO:colcon.colcon_core.package_selection:Skipping not selected package 'yolo_ros' in 'yolo_ros/yolo_ros'
[0.581s] INFO:colcon.colcon_core.package_selection:Skipping not selected package 'mavros' in 'mavros/mavros'
[0.581s] INFO:colcon.colcon_core.package_selection:Skipping not selected package 'yolo_bringup' in 'yolo_ros/yolo_bringup'
[0.581s] INFO:colcon.colcon_core.package_selection:Skipping not selected package 'mavros_extras' in 'mavros/mavros_extras'
[0.582s] Level 1:colcon.colcon_core.package_discovery:discover_packages(prefix_path) check parameters
[0.582s] Level 1:colcon.colcon_core.package_discovery:discover_packages(prefix_path) discover
[0.588s] DEBUG:colcon.colcon_installed_package_information.package_discovery:Found 281 installed packages in /opt/ros/humble
[0.591s] Level 1:colcon.colcon_core.package_discovery:discover_packages(prefix_path) using defaults
[0.662s] Level 5:colcon.colcon_core.verb:set package 'body_pose_node' build argument 'cmake_args' from command line to 'None'
[0.662s] Level 5:colcon.colcon_core.verb:set package 'body_pose_node' build argument 'cmake_target' from command line to 'None'
[0.663s] Level 5:colcon.colcon_core.verb:set package 'body_pose_node' build argument 'cmake_target_skip_unavailable' from command line to 'False'
[0.663s] Level 5:colcon.colcon_core.verb:set package 'body_pose_node' build argument 'cmake_clean_cache' from command line to 'False'
[0.663s] Level 5:colcon.colcon_core.verb:set package 'body_pose_node' build argument 'cmake_clean_first' from command line to 'False'
[0.663s] Level 5:colcon.colcon_core.verb:set package 'body_pose_node' build argument 'cmake_force_configure' from command line to 'False'
[0.663s] Level 5:colcon.colcon_core.verb:set package 'body_pose_node' build argument 'ament_cmake_args' from command line to 'None'
[0.663s] Level 5:colcon.colcon_core.verb:set package 'body_pose_node' build argument 'catkin_cmake_args' from command line to 'None'
[0.663s] Level 5:colcon.colcon_core.verb:set package 'body_pose_node' build argument 'catkin_skip_building_tests' from command line to 'False'
[0.663s] DEBUG:colcon.colcon_core.verb:Building package 'body_pose_node' with the following arguments: {'ament_cmake_args': None, 'build_base': '/home/lebron/ros2_ws/src/build/body_pose_node', 'catkin_cmake_args': None, 'catkin_skip_building_tests': False, 'cmake_args': None, 'cmake_clean_cache': False, 'cmake_clean_first': False, 'cmake_force_configure': False, 'cmake_target': None, 'cmake_target_skip_unavailable': False, 'install_base': '/home/lebron/ros2_ws/src/install/body_pose_node', 'merge_install': False, 'path': '/home/lebron/ros2_ws/src/body_pose_node', 'symlink_install': True, 'test_result_base': None}
[0.664s] INFO:colcon.colcon_core.executor:Executing jobs using 'parallel' executor
[0.666s] DEBUG:colcon.colcon_parallel_executor.executor.parallel:run_until_complete
[0.667s] INFO:colcon.colcon_ros.task.ament_python.build:Building ROS package in '/home/lebron/ros2_ws/src/body_pose_node' with build type 'ament_python'
[0.667s] Level 1:colcon.colcon_core.shell:create_environment_hook('body_pose_node', 'ament_prefix_path')
[0.676s] INFO:colcon.colcon_core.plugin_system:Skipping extension 'colcon_core.shell.bat': Not used on non-Windows systems
[0.677s] INFO:colcon.colcon_core.shell:Creating environment hook '/home/lebron/ros2_ws/src/install/body_pose_node/share/body_pose_node/hook/ament_prefix_path.ps1'
[0.678s] INFO:colcon.colcon_core.shell:Creating environment descriptor '/home/lebron/ros2_ws/src/install/body_pose_node/share/body_pose_node/hook/ament_prefix_path.dsv'
[0.679s] INFO:colcon.colcon_core.shell:Creating environment hook '/home/lebron/ros2_ws/src/install/body_pose_node/share/body_pose_node/hook/ament_prefix_path.sh'
[0.681s] INFO:colcon.colcon_core.shell:Skip shell extension 'powershell' for command environment: Not usable outside of PowerShell
[0.681s] DEBUG:colcon.colcon_core.shell:Skip shell extension 'dsv' for command environment
[1.168s] WARNING:colcon.colcon_ros.task.ament_python.build:Package 'body_pose_node' doesn't explicitly install a marker in the package index (colcon-ros currently does it implicitly but that fallback will be removed in the future)
[1.169s] INFO:colcon.colcon_core.task.python.build:Building Python package in '/home/lebron/ros2_ws/src/body_pose_node'
[1.169s] INFO:colcon.colcon_core.shell:Skip shell extension 'powershell' for command environment: Not usable outside of PowerShell
[1.170s] DEBUG:colcon.colcon_core.shell:Skip shell extension 'dsv' for command environment
[2.560s] DEBUG:colcon.colcon_core.event_handler.log_command:Invoking command in '/home/lebron/ros2_ws/src/build/body_pose_node': PYTHONPATH=/home/lebron/ros2_ws/src/build/body_pose_node/prefix_override:/usr/lib/python3/dist-packages/colcon_core/task/python/colcon_distutils_commands:/home/lebron/ros2_ws/src/install/body_pose_node/lib/python3.10/site-packages:${PYTHONPATH} /usr/bin/python3 -W ignore:setup.py install is deprecated -W ignore:easy_install command is deprecated setup.py develop --editable --build-directory /home/lebron/ros2_ws/src/build/body_pose_node/build --no-deps symlink_data
[4.170s] Level 1:colcon.colcon_core.shell:create_environment_hook('body_pose_node', 'pythonpath_develop')
[4.171s] INFO:colcon.colcon_core.shell:Creating environment hook '/home/lebron/ros2_ws/src/build/body_pose_node/share/body_pose_node/hook/pythonpath_develop.ps1'
[4.172s] DEBUG:colcon.colcon_core.event_handler.log_command:Invoked command in '/home/lebron/ros2_ws/src/build/body_pose_node' returned '0': PYTHONPATH=/home/lebron/ros2_ws/src/build/body_pose_node/prefix_override:/usr/lib/python3/dist-packages/colcon_core/task/python/colcon_distutils_commands:/home/lebron/ros2_ws/src/install/body_pose_node/lib/python3.10/site-packages:${PYTHONPATH} /usr/bin/python3 -W ignore:setup.py install is deprecated -W ignore:easy_install command is deprecated setup.py develop --editable --build-directory /home/lebron/ros2_ws/src/build/body_pose_node/build --no-deps symlink_data
[4.175s] INFO:colcon.colcon_core.shell:Creating environment descriptor '/home/lebron/ros2_ws/src/build/body_pose_node/share/body_pose_node/hook/pythonpath_develop.dsv'
[4.176s] INFO:colcon.colcon_core.shell:Creating environment hook '/home/lebron/ros2_ws/src/build/body_pose_node/share/body_pose_node/hook/pythonpath_develop.sh'
[4.191s] Level 1:colcon.colcon_core.environment:checking '/home/lebron/ros2_ws/src/install/body_pose_node' for CMake module files
[4.192s] Level 1:colcon.colcon_core.environment:checking '/home/lebron/ros2_ws/src/install/body_pose_node' for CMake config files
[4.194s] Level 1:colcon.colcon_core.environment:checking '/home/lebron/ros2_ws/src/install/body_pose_node/lib'
[4.195s] Level 1:colcon.colcon_core.environment:checking '/home/lebron/ros2_ws/src/install/body_pose_node/bin'
[4.196s] Level 1:colcon.colcon_core.environment:checking '/home/lebron/ros2_ws/src/install/body_pose_node/lib/pkgconfig/body_pose_node.pc'
[4.196s] Level 1:colcon.colcon_core.environment:checking '/home/lebron/ros2_ws/src/install/body_pose_node/lib/python3.10/site-packages'
[4.197s] Level 1:colcon.colcon_core.shell:create_environment_hook('body_pose_node', 'pythonpath')
[4.197s] INFO:colcon.colcon_core.shell:Creating environment hook '/home/lebron/ros2_ws/src/install/body_pose_node/share/body_pose_node/hook/pythonpath.ps1'
[4.199s] INFO:colcon.colcon_core.shell:Creating environment descriptor '/home/lebron/ros2_ws/src/install/body_pose_node/share/body_pose_node/hook/pythonpath.dsv'
[4.200s] INFO:colcon.colcon_core.shell:Creating environment hook '/home/lebron/ros2_ws/src/install/body_pose_node/share/body_pose_node/hook/pythonpath.sh'
[4.202s] Level 1:colcon.colcon_core.environment:checking '/home/lebron/ros2_ws/src/install/body_pose_node/bin'
[4.202s] Level 1:colcon.colcon_core.environment:create_environment_scripts_only(body_pose_node)
[4.203s] INFO:colcon.colcon_core.shell:Creating package script '/home/lebron/ros2_ws/src/install/body_pose_node/share/body_pose_node/package.ps1'
[4.206s] INFO:colcon.colcon_core.shell:Creating package descriptor '/home/lebron/ros2_ws/src/install/body_pose_node/share/body_pose_node/package.dsv'
[4.209s] INFO:colcon.colcon_core.shell:Creating package script '/home/lebron/ros2_ws/src/install/body_pose_node/share/body_pose_node/package.sh'
[4.214s] INFO:colcon.colcon_core.shell:Creating package script '/home/lebron/ros2_ws/src/install/body_pose_node/share/body_pose_node/package.bash'
[4.217s] INFO:colcon.colcon_core.shell:Creating package script '/home/lebron/ros2_ws/src/install/body_pose_node/share/body_pose_node/package.zsh'
[4.222s] Level 1:colcon.colcon_core.environment:create_file_with_runtime_dependencies(/home/lebron/ros2_ws/src/install/body_pose_node/share/colcon-core/packages/body_pose_node)
[4.226s] DEBUG:colcon.colcon_parallel_executor.executor.parallel:closing loop
[4.230s] DEBUG:colcon.colcon_parallel_executor.executor.parallel:loop closed
[4.230s] DEBUG:colcon.colcon_parallel_executor.executor.parallel:run_until_complete finished with '0'
[4.230s] DEBUG:colcon.colcon_core.event_reactor:joining thread
[4.248s] INFO:colcon.colcon_core.plugin_system:Skipping extension 'colcon_notification.desktop_notification.terminal_notifier': Not used on non-Darwin systems
[4.248s] INFO:colcon.colcon_core.plugin_system:Skipping extension 'colcon_notification.desktop_notification.win32': Not used on non-Windows systems
[4.248s] INFO:colcon.colcon_notification.desktop_notification:Sending desktop notification using 'notify2'
[4.285s] DEBUG:colcon.colcon_core.event_reactor:joined thread
[4.286s] INFO:colcon.colcon_core.shell:Creating prefix script '/home/lebron/ros2_ws/src/install/local_setup.ps1'
[4.292s] INFO:colcon.colcon_core.shell:Creating prefix util module '/home/lebron/ros2_ws/src/install/_local_setup_util_ps1.py'
[4.306s] INFO:colcon.colcon_core.shell:Creating prefix chain script '/home/lebron/ros2_ws/src/install/setup.ps1'
[4.311s] INFO:colcon.colcon_core.shell:Creating prefix script '/home/lebron/ros2_ws/src/install/local_setup.sh'
[4.314s] INFO:colcon.colcon_core.shell:Creating prefix util module '/home/lebron/ros2_ws/src/install/_local_setup_util_sh.py'
[4.316s] INFO:colcon.colcon_core.shell:Creating prefix chain script '/home/lebron/ros2_ws/src/install/setup.sh'
[4.319s] INFO:colcon.colcon_core.shell:Creating prefix script '/home/lebron/ros2_ws/src/install/local_setup.bash'
[4.322s] INFO:colcon.colcon_core.shell:Creating prefix chain script '/home/lebron/ros2_ws/src/install/setup.bash'
[4.325s] INFO:colcon.colcon_core.shell:Creating prefix script '/home/lebron/ros2_ws/src/install/local_setup.zsh'
[4.328s] INFO:colcon.colcon_core.shell:Creating prefix chain script '/home/lebron/ros2_ws/src/install/setup.zsh'
