[0.235s] DEBUG:colcon:Command line arguments: ['/usr/bin/colcon', 'build', '--symlink-install', '--packages-select', 'body_pose_node']
[0.235s] DEBUG:colcon:Parsed command line arguments: Namespace(log_base=None, log_level=None, verb_name='build', build_base='build', install_base='install', merge_install=False, symlink_install=True, test_result_base=None, continue_on_error=False, executor='parallel', parallel_workers=6, event_handlers=None, ignore_user_meta=False, metas=['./colcon.meta'], base_paths=['.'], packages_ignore=None, packages_ignore_regex=None, paths=None, packages_up_to=None, packages_up_to_regex=None, packages_above=None, packages_above_and_dependencies=None, packages_above_depth=None, packages_select_by_dep=None, packages_skip_by_dep=None, packages_skip_up_to=None, packages_select_build_failed=False, packages_skip_build_finished=False, packages_select_test_failures=False, packages_skip_test_passed=False, packages_select=['body_pose_node'], packages_skip=None, packages_select_regex=None, packages_skip_regex=None, packages_start=None, packages_end=None, allow_overriding=[], cmake_args=None, cmake_target=None, cmake_target_skip_unavailable=False, cmake_clean_cache=False, cmake_clean_first=False, cmake_force_configure=False, ament_cmake_args=None, catkin_cmake_args=None, catkin_skip_building_tests=False, mixin_files=None, mixin=None, verb_parser=<colcon_mixin.mixin.mixin_argument.MixinArgumentDecorator object at 0xffffa1398520>, verb_extension=<colcon_core.verb.build.BuildVerb object at 0xffffa135fe20>, main=<bound method BuildVerb.main of <colcon_core.verb.build.BuildVerb object at 0xffffa135fe20>>, mixin_verb=('build',))
[0.309s] Level 1:colcon.colcon_core.package_discovery:discover_packages(colcon_meta) check parameters
[0.309s] Level 1:colcon.colcon_core.package_discovery:discover_packages(recursive) check parameters
[0.310s] Level 1:colcon.colcon_core.package_discovery:discover_packages(ignore) check parameters
[0.310s] Level 1:colcon.colcon_core.package_discovery:discover_packages(path) check parameters
[0.310s] Level 1:colcon.colcon_core.package_discovery:discover_packages(colcon_meta) discover
[0.310s] Level 1:colcon.colcon_core.package_discovery:discover_packages(recursive) discover
[0.310s] INFO:colcon.colcon_core.package_discovery:Crawling recursively for packages in '/home/lebron/ros2_ws/src'
[0.310s] Level 1:colcon.colcon_core.package_identification:_identify(.) by extensions ['ignore', 'ignore_ament_install']
[0.311s] Level 1:colcon.colcon_core.package_identification:_identify(.) by extension 'ignore'
[0.311s] Level 1:colcon.colcon_core.package_identification:_identify(.) by extension 'ignore_ament_install'
[0.311s] Level 1:colcon.colcon_core.package_identification:_identify(.) by extensions ['colcon_pkg']
[0.311s] Level 1:colcon.colcon_core.package_identification:_identify(.) by extension 'colcon_pkg'
[0.311s] Level 1:colcon.colcon_core.package_identification:_identify(.) by extensions ['colcon_meta']
[0.312s] Level 1:colcon.colcon_core.package_identification:_identify(.) by extension 'colcon_meta'
[0.312s] Level 1:colcon.colcon_core.package_identification:_identify(.) by extensions ['ros']
[0.312s] Level 1:colcon.colcon_core.package_identification:_identify(.) by extension 'ros'
[0.341s] Level 1:colcon.colcon_core.package_identification:_identify(.) by extensions ['cmake', 'python']
[0.342s] Level 1:colcon.colcon_core.package_identification:_identify(.) by extension 'cmake'
[0.342s] Level 1:colcon.colcon_core.package_identification:_identify(.) by extension 'python'
[0.342s] Level 1:colcon.colcon_core.package_identification:_identify(.) by extensions ['python_setup_py']
[0.342s] Level 1:colcon.colcon_core.package_identification:_identify(.) by extension 'python_setup_py'
[0.342s] Level 1:colcon.colcon_core.package_identification:_identify(body_pose_node) by extensions ['ignore', 'ignore_ament_install']
[0.343s] Level 1:colcon.colcon_core.package_identification:_identify(body_pose_node) by extension 'ignore'
[0.343s] Level 1:colcon.colcon_core.package_identification:_identify(body_pose_node) by extension 'ignore_ament_install'
[0.343s] Level 1:colcon.colcon_core.package_identification:_identify(body_pose_node) by extensions ['colcon_pkg']
[0.343s] Level 1:colcon.colcon_core.package_identification:_identify(body_pose_node) by extension 'colcon_pkg'
[0.343s] Level 1:colcon.colcon_core.package_identification:_identify(body_pose_node) by extensions ['colcon_meta']
[0.343s] Level 1:colcon.colcon_core.package_identification:_identify(body_pose_node) by extension 'colcon_meta'
[0.343s] Level 1:colcon.colcon_core.package_identification:_identify(body_pose_node) by extensions ['ros']
[0.343s] Level 1:colcon.colcon_core.package_identification:_identify(body_pose_node) by extension 'ros'
[0.348s] DEBUG:colcon.colcon_core.package_identification:Package 'body_pose_node' with type 'ros.ament_python' and name 'body_pose_node'
[0.349s] Level 1:colcon.colcon_core.package_identification:_identify(build) by extensions ['ignore', 'ignore_ament_install']
[0.349s] Level 1:colcon.colcon_core.package_identification:_identify(build) by extension 'ignore'
[0.349s] Level 1:colcon.colcon_core.package_identification:_identify(build) ignored
[0.349s] Level 1:colcon.colcon_core.package_identification:_identify(install) by extensions ['ignore', 'ignore_ament_install']
[0.350s] Level 1:colcon.colcon_core.package_identification:_identify(install) by extension 'ignore'
[0.350s] Level 1:colcon.colcon_core.package_identification:_identify(install) ignored
[0.350s] Level 1:colcon.colcon_core.package_identification:_identify(launch_scripts) by extensions ['ignore', 'ignore_ament_install']
[0.350s] Level 1:colcon.colcon_core.package_identification:_identify(launch_scripts) by extension 'ignore'
[0.350s] Level 1:colcon.colcon_core.package_identification:_identify(launch_scripts) by extension 'ignore_ament_install'
[0.350s] Level 1:colcon.colcon_core.package_identification:_identify(launch_scripts) by extensions ['colcon_pkg']
[0.350s] Level 1:colcon.colcon_core.package_identification:_identify(launch_scripts) by extension 'colcon_pkg'
[0.350s] Level 1:colcon.colcon_core.package_identification:_identify(launch_scripts) by extensions ['colcon_meta']
[0.350s] Level 1:colcon.colcon_core.package_identification:_identify(launch_scripts) by extension 'colcon_meta'
[0.351s] Level 1:colcon.colcon_core.package_identification:_identify(launch_scripts) by extensions ['ros']
[0.351s] Level 1:colcon.colcon_core.package_identification:_identify(launch_scripts) by extension 'ros'
[0.352s] DEBUG:colcon.colcon_core.package_identification:Package 'launch_scripts' with type 'ros.ament_python' and name 'launch_scripts'
[0.352s] Level 1:colcon.colcon_core.package_identification:_identify(log) by extensions ['ignore', 'ignore_ament_install']
[0.352s] Level 1:colcon.colcon_core.package_identification:_identify(log) by extension 'ignore'
[0.352s] Level 1:colcon.colcon_core.package_identification:_identify(log) ignored
[0.353s] Level 1:colcon.colcon_core.package_identification:_identify(mavlink) by extensions ['ignore', 'ignore_ament_install']
[0.353s] Level 1:colcon.colcon_core.package_identification:_identify(mavlink) by extension 'ignore'
[0.353s] Level 1:colcon.colcon_core.package_identification:_identify(mavlink) by extension 'ignore_ament_install'
[0.353s] Level 1:colcon.colcon_core.package_identification:_identify(mavlink) by extensions ['colcon_pkg']
[0.353s] Level 1:colcon.colcon_core.package_identification:_identify(mavlink) by extension 'colcon_pkg'
[0.353s] Level 1:colcon.colcon_core.package_identification:_identify(mavlink) by extensions ['colcon_meta']
[0.353s] Level 1:colcon.colcon_core.package_identification:_identify(mavlink) by extension 'colcon_meta'
[0.353s] Level 1:colcon.colcon_core.package_identification:_identify(mavlink) by extensions ['ros']
[0.353s] Level 1:colcon.colcon_core.package_identification:_identify(mavlink) by extension 'ros'
[0.361s] DEBUG:colcon.colcon_core.package_identification:Package 'mavlink' with type 'ros.cmake' and name 'mavlink'
[0.361s] Level 1:colcon.colcon_core.package_identification:_identify(mavros) by extensions ['ignore', 'ignore_ament_install']
[0.361s] Level 1:colcon.colcon_core.package_identification:_identify(mavros) by extension 'ignore'
[0.362s] Level 1:colcon.colcon_core.package_identification:_identify(mavros) by extension 'ignore_ament_install'
[0.362s] Level 1:colcon.colcon_core.package_identification:_identify(mavros) by extensions ['colcon_pkg']
[0.362s] Level 1:colcon.colcon_core.package_identification:_identify(mavros) by extension 'colcon_pkg'
[0.362s] Level 1:colcon.colcon_core.package_identification:_identify(mavros) by extensions ['colcon_meta']
[0.362s] Level 1:colcon.colcon_core.package_identification:_identify(mavros) by extension 'colcon_meta'
[0.362s] Level 1:colcon.colcon_core.package_identification:_identify(mavros) by extensions ['ros']
[0.362s] Level 1:colcon.colcon_core.package_identification:_identify(mavros) by extension 'ros'
[0.362s] Level 1:colcon.colcon_core.package_identification:_identify(mavros) by extensions ['cmake', 'python']
[0.362s] Level 1:colcon.colcon_core.package_identification:_identify(mavros) by extension 'cmake'
[0.363s] Level 1:colcon.colcon_core.package_identification:_identify(mavros) by extension 'python'
[0.363s] Level 1:colcon.colcon_core.package_identification:_identify(mavros) by extensions ['python_setup_py']
[0.363s] Level 1:colcon.colcon_core.package_identification:_identify(mavros) by extension 'python_setup_py'
[0.363s] Level 1:colcon.colcon_core.package_identification:_identify(mavros/libmavconn) by extensions ['ignore', 'ignore_ament_install']
[0.363s] Level 1:colcon.colcon_core.package_identification:_identify(mavros/libmavconn) by extension 'ignore'
[0.363s] Level 1:colcon.colcon_core.package_identification:_identify(mavros/libmavconn) by extension 'ignore_ament_install'
[0.363s] Level 1:colcon.colcon_core.package_identification:_identify(mavros/libmavconn) by extensions ['colcon_pkg']
[0.363s] Level 1:colcon.colcon_core.package_identification:_identify(mavros/libmavconn) by extension 'colcon_pkg'
[0.363s] Level 1:colcon.colcon_core.package_identification:_identify(mavros/libmavconn) by extensions ['colcon_meta']
[0.364s] Level 1:colcon.colcon_core.package_identification:_identify(mavros/libmavconn) by extension 'colcon_meta'
[0.364s] Level 1:colcon.colcon_core.package_identification:_identify(mavros/libmavconn) by extensions ['ros']
[0.364s] Level 1:colcon.colcon_core.package_identification:_identify(mavros/libmavconn) by extension 'ros'
[0.365s] DEBUG:colcon.colcon_core.package_identification:Package 'mavros/libmavconn' with type 'ros.ament_cmake' and name 'libmavconn'
[0.366s] Level 1:colcon.colcon_core.package_identification:_identify(mavros/mavros) by extensions ['ignore', 'ignore_ament_install']
[0.366s] Level 1:colcon.colcon_core.package_identification:_identify(mavros/mavros) by extension 'ignore'
[0.366s] Level 1:colcon.colcon_core.package_identification:_identify(mavros/mavros) by extension 'ignore_ament_install'
[0.366s] Level 1:colcon.colcon_core.package_identification:_identify(mavros/mavros) by extensions ['colcon_pkg']
[0.366s] Level 1:colcon.colcon_core.package_identification:_identify(mavros/mavros) by extension 'colcon_pkg'
[0.366s] Level 1:colcon.colcon_core.package_identification:_identify(mavros/mavros) by extensions ['colcon_meta']
[0.366s] Level 1:colcon.colcon_core.package_identification:_identify(mavros/mavros) by extension 'colcon_meta'
[0.366s] Level 1:colcon.colcon_core.package_identification:_identify(mavros/mavros) by extensions ['ros']
[0.366s] Level 1:colcon.colcon_core.package_identification:_identify(mavros/mavros) by extension 'ros'
[0.371s] DEBUG:colcon.colcon_core.package_identification:Package 'mavros/mavros' with type 'ros.ament_cmake' and name 'mavros'
[0.371s] Level 1:colcon.colcon_core.package_identification:_identify(mavros/mavros_extras) by extensions ['ignore', 'ignore_ament_install']
[0.372s] Level 1:colcon.colcon_core.package_identification:_identify(mavros/mavros_extras) by extension 'ignore'
[0.372s] Level 1:colcon.colcon_core.package_identification:_identify(mavros/mavros_extras) by extension 'ignore_ament_install'
[0.372s] Level 1:colcon.colcon_core.package_identification:_identify(mavros/mavros_extras) by extensions ['colcon_pkg']
[0.372s] Level 1:colcon.colcon_core.package_identification:_identify(mavros/mavros_extras) by extension 'colcon_pkg'
[0.372s] Level 1:colcon.colcon_core.package_identification:_identify(mavros/mavros_extras) by extensions ['colcon_meta']
[0.372s] Level 1:colcon.colcon_core.package_identification:_identify(mavros/mavros_extras) by extension 'colcon_meta'
[0.372s] Level 1:colcon.colcon_core.package_identification:_identify(mavros/mavros_extras) by extensions ['ros']
[0.372s] Level 1:colcon.colcon_core.package_identification:_identify(mavros/mavros_extras) by extension 'ros'
[0.380s] DEBUG:colcon.colcon_core.package_identification:Package 'mavros/mavros_extras' with type 'ros.ament_cmake' and name 'mavros_extras'
[0.380s] Level 1:colcon.colcon_core.package_identification:_identify(mavros/mavros_msgs) by extensions ['ignore', 'ignore_ament_install']
[0.380s] Level 1:colcon.colcon_core.package_identification:_identify(mavros/mavros_msgs) by extension 'ignore'
[0.380s] Level 1:colcon.colcon_core.package_identification:_identify(mavros/mavros_msgs) by extension 'ignore_ament_install'
[0.381s] Level 1:colcon.colcon_core.package_identification:_identify(mavros/mavros_msgs) by extensions ['colcon_pkg']
[0.381s] Level 1:colcon.colcon_core.package_identification:_identify(mavros/mavros_msgs) by extension 'colcon_pkg'
[0.381s] Level 1:colcon.colcon_core.package_identification:_identify(mavros/mavros_msgs) by extensions ['colcon_meta']
[0.381s] Level 1:colcon.colcon_core.package_identification:_identify(mavros/mavros_msgs) by extension 'colcon_meta'
[0.381s] Level 1:colcon.colcon_core.package_identification:_identify(mavros/mavros_msgs) by extensions ['ros']
[0.381s] Level 1:colcon.colcon_core.package_identification:_identify(mavros/mavros_msgs) by extension 'ros'
[0.383s] DEBUG:colcon.colcon_core.package_identification:Package 'mavros/mavros_msgs' with type 'ros.ament_cmake' and name 'mavros_msgs'
[0.383s] Level 1:colcon.colcon_core.package_identification:_identify(mavros/test_mavros) by extensions ['ignore', 'ignore_ament_install']
[0.383s] Level 1:colcon.colcon_core.package_identification:_identify(mavros/test_mavros) by extension 'ignore'
[0.383s] Level 1:colcon.colcon_core.package_identification:_identify(mavros/test_mavros) ignored
[0.384s] Level 1:colcon.colcon_core.package_identification:_identify(mmlove_GS720P02_camera) by extensions ['ignore', 'ignore_ament_install']
[0.384s] Level 1:colcon.colcon_core.package_identification:_identify(mmlove_GS720P02_camera) by extension 'ignore'
[0.384s] Level 1:colcon.colcon_core.package_identification:_identify(mmlove_GS720P02_camera) by extension 'ignore_ament_install'
[0.384s] Level 1:colcon.colcon_core.package_identification:_identify(mmlove_GS720P02_camera) by extensions ['colcon_pkg']
[0.384s] Level 1:colcon.colcon_core.package_identification:_identify(mmlove_GS720P02_camera) by extension 'colcon_pkg'
[0.384s] Level 1:colcon.colcon_core.package_identification:_identify(mmlove_GS720P02_camera) by extensions ['colcon_meta']
[0.384s] Level 1:colcon.colcon_core.package_identification:_identify(mmlove_GS720P02_camera) by extension 'colcon_meta'
[0.384s] Level 1:colcon.colcon_core.package_identification:_identify(mmlove_GS720P02_camera) by extensions ['ros']
[0.384s] Level 1:colcon.colcon_core.package_identification:_identify(mmlove_GS720P02_camera) by extension 'ros'
[0.385s] DEBUG:colcon.colcon_core.package_identification:Package 'mmlove_GS720P02_camera' with type 'ros.ament_python' and name 'mmlove_GS720P02_camera'
[0.386s] Level 1:colcon.colcon_core.package_identification:_identify(offboard_controller) by extensions ['ignore', 'ignore_ament_install']
[0.386s] Level 1:colcon.colcon_core.package_identification:_identify(offboard_controller) by extension 'ignore'
[0.386s] Level 1:colcon.colcon_core.package_identification:_identify(offboard_controller) by extension 'ignore_ament_install'
[0.386s] Level 1:colcon.colcon_core.package_identification:_identify(offboard_controller) by extensions ['colcon_pkg']
[0.386s] Level 1:colcon.colcon_core.package_identification:_identify(offboard_controller) by extension 'colcon_pkg'
[0.386s] Level 1:colcon.colcon_core.package_identification:_identify(offboard_controller) by extensions ['colcon_meta']
[0.387s] Level 1:colcon.colcon_core.package_identification:_identify(offboard_controller) by extension 'colcon_meta'
[0.387s] Level 1:colcon.colcon_core.package_identification:_identify(offboard_controller) by extensions ['ros']
[0.387s] Level 1:colcon.colcon_core.package_identification:_identify(offboard_controller) by extension 'ros'
[0.388s] DEBUG:colcon.colcon_core.package_identification:Package 'offboard_controller' with type 'ros.ament_python' and name 'offboard_controller'
[0.388s] Level 1:colcon.colcon_core.package_identification:_identify(realsense-ros) by extensions ['ignore', 'ignore_ament_install']
[0.388s] Level 1:colcon.colcon_core.package_identification:_identify(realsense-ros) by extension 'ignore'
[0.388s] Level 1:colcon.colcon_core.package_identification:_identify(realsense-ros) by extension 'ignore_ament_install'
[0.388s] Level 1:colcon.colcon_core.package_identification:_identify(realsense-ros) by extensions ['colcon_pkg']
[0.388s] Level 1:colcon.colcon_core.package_identification:_identify(realsense-ros) by extension 'colcon_pkg'
[0.388s] Level 1:colcon.colcon_core.package_identification:_identify(realsense-ros) by extensions ['colcon_meta']
[0.388s] Level 1:colcon.colcon_core.package_identification:_identify(realsense-ros) by extension 'colcon_meta'
[0.389s] Level 1:colcon.colcon_core.package_identification:_identify(realsense-ros) by extensions ['ros']
[0.389s] Level 1:colcon.colcon_core.package_identification:_identify(realsense-ros) by extension 'ros'
[0.389s] Level 1:colcon.colcon_core.package_identification:_identify(realsense-ros) by extensions ['cmake', 'python']
[0.389s] Level 1:colcon.colcon_core.package_identification:_identify(realsense-ros) by extension 'cmake'
[0.389s] Level 1:colcon.colcon_core.package_identification:_identify(realsense-ros) by extension 'python'
[0.389s] Level 1:colcon.colcon_core.package_identification:_identify(realsense-ros) by extensions ['python_setup_py']
[0.389s] Level 1:colcon.colcon_core.package_identification:_identify(realsense-ros) by extension 'python_setup_py'
[0.389s] Level 1:colcon.colcon_core.package_identification:_identify(realsense-ros/realsense2_camera) by extensions ['ignore', 'ignore_ament_install']
[0.390s] Level 1:colcon.colcon_core.package_identification:_identify(realsense-ros/realsense2_camera) by extension 'ignore'
[0.390s] Level 1:colcon.colcon_core.package_identification:_identify(realsense-ros/realsense2_camera) by extension 'ignore_ament_install'
[0.390s] Level 1:colcon.colcon_core.package_identification:_identify(realsense-ros/realsense2_camera) by extensions ['colcon_pkg']
[0.390s] Level 1:colcon.colcon_core.package_identification:_identify(realsense-ros/realsense2_camera) by extension 'colcon_pkg'
[0.390s] Level 1:colcon.colcon_core.package_identification:_identify(realsense-ros/realsense2_camera) by extensions ['colcon_meta']
[0.390s] Level 1:colcon.colcon_core.package_identification:_identify(realsense-ros/realsense2_camera) by extension 'colcon_meta'
[0.390s] Level 1:colcon.colcon_core.package_identification:_identify(realsense-ros/realsense2_camera) by extensions ['ros']
[0.390s] Level 1:colcon.colcon_core.package_identification:_identify(realsense-ros/realsense2_camera) by extension 'ros'
[0.397s] DEBUG:colcon.colcon_core.package_identification:Package 'realsense-ros/realsense2_camera' with type 'ros.ament_cmake' and name 'realsense2_camera'
[0.398s] Level 1:colcon.colcon_core.package_identification:_identify(realsense-ros/realsense2_camera_msgs) by extensions ['ignore', 'ignore_ament_install']
[0.398s] Level 1:colcon.colcon_core.package_identification:_identify(realsense-ros/realsense2_camera_msgs) by extension 'ignore'
[0.398s] Level 1:colcon.colcon_core.package_identification:_identify(realsense-ros/realsense2_camera_msgs) by extension 'ignore_ament_install'
[0.398s] Level 1:colcon.colcon_core.package_identification:_identify(realsense-ros/realsense2_camera_msgs) by extensions ['colcon_pkg']
[0.398s] Level 1:colcon.colcon_core.package_identification:_identify(realsense-ros/realsense2_camera_msgs) by extension 'colcon_pkg'
[0.398s] Level 1:colcon.colcon_core.package_identification:_identify(realsense-ros/realsense2_camera_msgs) by extensions ['colcon_meta']
[0.399s] Level 1:colcon.colcon_core.package_identification:_identify(realsense-ros/realsense2_camera_msgs) by extension 'colcon_meta'
[0.399s] Level 1:colcon.colcon_core.package_identification:_identify(realsense-ros/realsense2_camera_msgs) by extensions ['ros']
[0.399s] Level 1:colcon.colcon_core.package_identification:_identify(realsense-ros/realsense2_camera_msgs) by extension 'ros'
[0.400s] DEBUG:colcon.colcon_core.package_identification:Package 'realsense-ros/realsense2_camera_msgs' with type 'ros.ament_cmake' and name 'realsense2_camera_msgs'
[0.400s] Level 1:colcon.colcon_core.package_identification:_identify(realsense-ros/realsense2_description) by extensions ['ignore', 'ignore_ament_install']
[0.400s] Level 1:colcon.colcon_core.package_identification:_identify(realsense-ros/realsense2_description) by extension 'ignore'
[0.400s] Level 1:colcon.colcon_core.package_identification:_identify(realsense-ros/realsense2_description) by extension 'ignore_ament_install'
[0.401s] Level 1:colcon.colcon_core.package_identification:_identify(realsense-ros/realsense2_description) by extensions ['colcon_pkg']
[0.401s] Level 1:colcon.colcon_core.package_identification:_identify(realsense-ros/realsense2_description) by extension 'colcon_pkg'
[0.401s] Level 1:colcon.colcon_core.package_identification:_identify(realsense-ros/realsense2_description) by extensions ['colcon_meta']
[0.401s] Level 1:colcon.colcon_core.package_identification:_identify(realsense-ros/realsense2_description) by extension 'colcon_meta'
[0.401s] Level 1:colcon.colcon_core.package_identification:_identify(realsense-ros/realsense2_description) by extensions ['ros']
[0.401s] Level 1:colcon.colcon_core.package_identification:_identify(realsense-ros/realsense2_description) by extension 'ros'
[0.402s] DEBUG:colcon.colcon_core.package_identification:Package 'realsense-ros/realsense2_description' with type 'ros.ament_cmake' and name 'realsense2_description'
[0.402s] Level 1:colcon.colcon_core.package_identification:_identify(realsense-ros/scripts) by extensions ['ignore', 'ignore_ament_install']
[0.403s] Level 1:colcon.colcon_core.package_identification:_identify(realsense-ros/scripts) by extension 'ignore'
[0.403s] Level 1:colcon.colcon_core.package_identification:_identify(realsense-ros/scripts) by extension 'ignore_ament_install'
[0.403s] Level 1:colcon.colcon_core.package_identification:_identify(realsense-ros/scripts) by extensions ['colcon_pkg']
[0.403s] Level 1:colcon.colcon_core.package_identification:_identify(realsense-ros/scripts) by extension 'colcon_pkg'
[0.403s] Level 1:colcon.colcon_core.package_identification:_identify(realsense-ros/scripts) by extensions ['colcon_meta']
[0.403s] Level 1:colcon.colcon_core.package_identification:_identify(realsense-ros/scripts) by extension 'colcon_meta'
[0.403s] Level 1:colcon.colcon_core.package_identification:_identify(realsense-ros/scripts) by extensions ['ros']
[0.403s] Level 1:colcon.colcon_core.package_identification:_identify(realsense-ros/scripts) by extension 'ros'
[0.403s] Level 1:colcon.colcon_core.package_identification:_identify(realsense-ros/scripts) by extensions ['cmake', 'python']
[0.403s] Level 1:colcon.colcon_core.package_identification:_identify(realsense-ros/scripts) by extension 'cmake'
[0.404s] Level 1:colcon.colcon_core.package_identification:_identify(realsense-ros/scripts) by extension 'python'
[0.404s] Level 1:colcon.colcon_core.package_identification:_identify(realsense-ros/scripts) by extensions ['python_setup_py']
[0.404s] Level 1:colcon.colcon_core.package_identification:_identify(realsense-ros/scripts) by extension 'python_setup_py'
[0.404s] Level 1:colcon.colcon_core.package_identification:_identify(reconstruction) by extensions ['ignore', 'ignore_ament_install']
[0.404s] Level 1:colcon.colcon_core.package_identification:_identify(reconstruction) by extension 'ignore'
[0.404s] Level 1:colcon.colcon_core.package_identification:_identify(reconstruction) by extension 'ignore_ament_install'
[0.404s] Level 1:colcon.colcon_core.package_identification:_identify(reconstruction) by extensions ['colcon_pkg']
[0.404s] Level 1:colcon.colcon_core.package_identification:_identify(reconstruction) by extension 'colcon_pkg'
[0.404s] Level 1:colcon.colcon_core.package_identification:_identify(reconstruction) by extensions ['colcon_meta']
[0.405s] Level 1:colcon.colcon_core.package_identification:_identify(reconstruction) by extension 'colcon_meta'
[0.405s] Level 1:colcon.colcon_core.package_identification:_identify(reconstruction) by extensions ['ros']
[0.405s] Level 1:colcon.colcon_core.package_identification:_identify(reconstruction) by extension 'ros'
[0.406s] DEBUG:colcon.colcon_core.package_identification:Package 'reconstruction' with type 'ros.ament_python' and name 'reconstruction'
[0.406s] Level 1:colcon.colcon_core.package_identification:_identify(surveillance) by extensions ['ignore', 'ignore_ament_install']
[0.406s] Level 1:colcon.colcon_core.package_identification:_identify(surveillance) by extension 'ignore'
[0.406s] Level 1:colcon.colcon_core.package_identification:_identify(surveillance) by extension 'ignore_ament_install'
[0.406s] Level 1:colcon.colcon_core.package_identification:_identify(surveillance) by extensions ['colcon_pkg']
[0.407s] Level 1:colcon.colcon_core.package_identification:_identify(surveillance) by extension 'colcon_pkg'
[0.407s] Level 1:colcon.colcon_core.package_identification:_identify(surveillance) by extensions ['colcon_meta']
[0.407s] Level 1:colcon.colcon_core.package_identification:_identify(surveillance) by extension 'colcon_meta'
[0.407s] Level 1:colcon.colcon_core.package_identification:_identify(surveillance) by extensions ['ros']
[0.407s] Level 1:colcon.colcon_core.package_identification:_identify(surveillance) by extension 'ros'
[0.408s] DEBUG:colcon.colcon_core.package_identification:Package 'surveillance' with type 'ros.ament_python' and name 'surveillance'
[0.408s] Level 1:colcon.colcon_core.package_identification:_identify(surveillance_msgs) by extensions ['ignore', 'ignore_ament_install']
[0.408s] Level 1:colcon.colcon_core.package_identification:_identify(surveillance_msgs) by extension 'ignore'
[0.408s] Level 1:colcon.colcon_core.package_identification:_identify(surveillance_msgs) by extension 'ignore_ament_install'
[0.408s] Level 1:colcon.colcon_core.package_identification:_identify(surveillance_msgs) by extensions ['colcon_pkg']
[0.408s] Level 1:colcon.colcon_core.package_identification:_identify(surveillance_msgs) by extension 'colcon_pkg'
[0.408s] Level 1:colcon.colcon_core.package_identification:_identify(surveillance_msgs) by extensions ['colcon_meta']
[0.409s] Level 1:colcon.colcon_core.package_identification:_identify(surveillance_msgs) by extension 'colcon_meta'
[0.409s] Level 1:colcon.colcon_core.package_identification:_identify(surveillance_msgs) by extensions ['ros']
[0.409s] Level 1:colcon.colcon_core.package_identification:_identify(surveillance_msgs) by extension 'ros'
[0.410s] DEBUG:colcon.colcon_core.package_identification:Package 'surveillance_msgs' with type 'ros.ament_cmake' and name 'surveillance_msgs'
[0.410s] Level 1:colcon.colcon_core.package_identification:_identify(utils) by extensions ['ignore', 'ignore_ament_install']
[0.410s] Level 1:colcon.colcon_core.package_identification:_identify(utils) by extension 'ignore'
[0.410s] Level 1:colcon.colcon_core.package_identification:_identify(utils) by extension 'ignore_ament_install'
[0.411s] Level 1:colcon.colcon_core.package_identification:_identify(utils) by extensions ['colcon_pkg']
[0.411s] Level 1:colcon.colcon_core.package_identification:_identify(utils) by extension 'colcon_pkg'
[0.411s] Level 1:colcon.colcon_core.package_identification:_identify(utils) by extensions ['colcon_meta']
[0.411s] Level 1:colcon.colcon_core.package_identification:_identify(utils) by extension 'colcon_meta'
[0.411s] Level 1:colcon.colcon_core.package_identification:_identify(utils) by extensions ['ros']
[0.411s] Level 1:colcon.colcon_core.package_identification:_identify(utils) by extension 'ros'
[0.412s] DEBUG:colcon.colcon_core.package_identification:Package 'utils' with type 'ros.ament_python' and name 'utils'
[0.412s] Level 1:colcon.colcon_core.package_identification:_identify(yolo_ros) by extensions ['ignore', 'ignore_ament_install']
[0.412s] Level 1:colcon.colcon_core.package_identification:_identify(yolo_ros) by extension 'ignore'
[0.413s] Level 1:colcon.colcon_core.package_identification:_identify(yolo_ros) by extension 'ignore_ament_install'
[0.413s] Level 1:colcon.colcon_core.package_identification:_identify(yolo_ros) by extensions ['colcon_pkg']
[0.413s] Level 1:colcon.colcon_core.package_identification:_identify(yolo_ros) by extension 'colcon_pkg'
[0.413s] Level 1:colcon.colcon_core.package_identification:_identify(yolo_ros) by extensions ['colcon_meta']
[0.413s] Level 1:colcon.colcon_core.package_identification:_identify(yolo_ros) by extension 'colcon_meta'
[0.413s] Level 1:colcon.colcon_core.package_identification:_identify(yolo_ros) by extensions ['ros']
[0.413s] Level 1:colcon.colcon_core.package_identification:_identify(yolo_ros) by extension 'ros'
[0.413s] Level 1:colcon.colcon_core.package_identification:_identify(yolo_ros) by extensions ['cmake', 'python']
[0.413s] Level 1:colcon.colcon_core.package_identification:_identify(yolo_ros) by extension 'cmake'
[0.413s] Level 1:colcon.colcon_core.package_identification:_identify(yolo_ros) by extension 'python'
[0.414s] Level 1:colcon.colcon_core.package_identification:_identify(yolo_ros) by extensions ['python_setup_py']
[0.414s] Level 1:colcon.colcon_core.package_identification:_identify(yolo_ros) by extension 'python_setup_py'
[0.414s] Level 1:colcon.colcon_core.package_identification:_identify(yolo_ros/docs) by extensions ['ignore', 'ignore_ament_install']
[0.414s] Level 1:colcon.colcon_core.package_identification:_identify(yolo_ros/docs) by extension 'ignore'
[0.414s] Level 1:colcon.colcon_core.package_identification:_identify(yolo_ros/docs) by extension 'ignore_ament_install'
[0.414s] Level 1:colcon.colcon_core.package_identification:_identify(yolo_ros/docs) by extensions ['colcon_pkg']
[0.414s] Level 1:colcon.colcon_core.package_identification:_identify(yolo_ros/docs) by extension 'colcon_pkg'
[0.414s] Level 1:colcon.colcon_core.package_identification:_identify(yolo_ros/docs) by extensions ['colcon_meta']
[0.414s] Level 1:colcon.colcon_core.package_identification:_identify(yolo_ros/docs) by extension 'colcon_meta'
[0.414s] Level 1:colcon.colcon_core.package_identification:_identify(yolo_ros/docs) by extensions ['ros']
[0.415s] Level 1:colcon.colcon_core.package_identification:_identify(yolo_ros/docs) by extension 'ros'
[0.415s] Level 1:colcon.colcon_core.package_identification:_identify(yolo_ros/docs) by extensions ['cmake', 'python']
[0.415s] Level 1:colcon.colcon_core.package_identification:_identify(yolo_ros/docs) by extension 'cmake'
[0.415s] Level 1:colcon.colcon_core.package_identification:_identify(yolo_ros/docs) by extension 'python'
[0.415s] Level 1:colcon.colcon_core.package_identification:_identify(yolo_ros/docs) by extensions ['python_setup_py']
[0.415s] Level 1:colcon.colcon_core.package_identification:_identify(yolo_ros/docs) by extension 'python_setup_py'
[0.415s] Level 1:colcon.colcon_core.package_identification:_identify(yolo_ros/yolo_bringup) by extensions ['ignore', 'ignore_ament_install']
[0.415s] Level 1:colcon.colcon_core.package_identification:_identify(yolo_ros/yolo_bringup) by extension 'ignore'
[0.415s] Level 1:colcon.colcon_core.package_identification:_identify(yolo_ros/yolo_bringup) by extension 'ignore_ament_install'
[0.416s] Level 1:colcon.colcon_core.package_identification:_identify(yolo_ros/yolo_bringup) by extensions ['colcon_pkg']
[0.416s] Level 1:colcon.colcon_core.package_identification:_identify(yolo_ros/yolo_bringup) by extension 'colcon_pkg'
[0.416s] Level 1:colcon.colcon_core.package_identification:_identify(yolo_ros/yolo_bringup) by extensions ['colcon_meta']
[0.416s] Level 1:colcon.colcon_core.package_identification:_identify(yolo_ros/yolo_bringup) by extension 'colcon_meta'
[0.416s] Level 1:colcon.colcon_core.package_identification:_identify(yolo_ros/yolo_bringup) by extensions ['ros']
[0.416s] Level 1:colcon.colcon_core.package_identification:_identify(yolo_ros/yolo_bringup) by extension 'ros'
[0.417s] DEBUG:colcon.colcon_core.package_identification:Package 'yolo_ros/yolo_bringup' with type 'ros.ament_cmake' and name 'yolo_bringup'
[0.417s] Level 1:colcon.colcon_core.package_identification:_identify(yolo_ros/yolo_msgs) by extensions ['ignore', 'ignore_ament_install']
[0.417s] Level 1:colcon.colcon_core.package_identification:_identify(yolo_ros/yolo_msgs) by extension 'ignore'
[0.417s] Level 1:colcon.colcon_core.package_identification:_identify(yolo_ros/yolo_msgs) by extension 'ignore_ament_install'
[0.418s] Level 1:colcon.colcon_core.package_identification:_identify(yolo_ros/yolo_msgs) by extensions ['colcon_pkg']
[0.418s] Level 1:colcon.colcon_core.package_identification:_identify(yolo_ros/yolo_msgs) by extension 'colcon_pkg'
[0.418s] Level 1:colcon.colcon_core.package_identification:_identify(yolo_ros/yolo_msgs) by extensions ['colcon_meta']
[0.418s] Level 1:colcon.colcon_core.package_identification:_identify(yolo_ros/yolo_msgs) by extension 'colcon_meta'
[0.418s] Level 1:colcon.colcon_core.package_identification:_identify(yolo_ros/yolo_msgs) by extensions ['ros']
[0.418s] Level 1:colcon.colcon_core.package_identification:_identify(yolo_ros/yolo_msgs) by extension 'ros'
[0.419s] DEBUG:colcon.colcon_core.package_identification:Package 'yolo_ros/yolo_msgs' with type 'ros.ament_cmake' and name 'yolo_msgs'
[0.419s] Level 1:colcon.colcon_core.package_identification:_identify(yolo_ros/yolo_ros) by extensions ['ignore', 'ignore_ament_install']
[0.419s] Level 1:colcon.colcon_core.package_identification:_identify(yolo_ros/yolo_ros) by extension 'ignore'
[0.420s] Level 1:colcon.colcon_core.package_identification:_identify(yolo_ros/yolo_ros) by extension 'ignore_ament_install'
[0.420s] Level 1:colcon.colcon_core.package_identification:_identify(yolo_ros/yolo_ros) by extensions ['colcon_pkg']
[0.420s] Level 1:colcon.colcon_core.package_identification:_identify(yolo_ros/yolo_ros) by extension 'colcon_pkg'
[0.420s] Level 1:colcon.colcon_core.package_identification:_identify(yolo_ros/yolo_ros) by extensions ['colcon_meta']
[0.420s] Level 1:colcon.colcon_core.package_identification:_identify(yolo_ros/yolo_ros) by extension 'colcon_meta'
[0.420s] Level 1:colcon.colcon_core.package_identification:_identify(yolo_ros/yolo_ros) by extensions ['ros']
[0.420s] Level 1:colcon.colcon_core.package_identification:_identify(yolo_ros/yolo_ros) by extension 'ros'
[0.421s] DEBUG:colcon.colcon_core.package_identification:Package 'yolo_ros/yolo_ros' with type 'ros.ament_python' and name 'yolo_ros'
[0.421s] Level 1:colcon.colcon_core.package_discovery:discover_packages(recursive) using defaults
[0.422s] Level 1:colcon.colcon_core.package_discovery:discover_packages(ignore) discover
[0.422s] Level 1:colcon.colcon_core.package_discovery:discover_packages(ignore) using defaults
[0.422s] Level 1:colcon.colcon_core.package_discovery:discover_packages(path) discover
[0.422s] Level 1:colcon.colcon_core.package_discovery:discover_packages(path) using defaults
[0.467s] INFO:colcon.colcon_core.package_selection:Skipping not selected package 'launch_scripts' in 'launch_scripts'
[0.468s] INFO:colcon.colcon_core.package_selection:Skipping not selected package 'mavlink' in 'mavlink'
[0.468s] INFO:colcon.colcon_core.package_selection:Skipping not selected package 'mavros_msgs' in 'mavros/mavros_msgs'
[0.468s] INFO:colcon.colcon_core.package_selection:Skipping not selected package 'mmlove_GS720P02_camera' in 'mmlove_GS720P02_camera'
[0.468s] INFO:colcon.colcon_core.package_selection:Skipping not selected package 'offboard_controller' in 'offboard_controller'
[0.468s] INFO:colcon.colcon_core.package_selection:Skipping not selected package 'realsense2_camera_msgs' in 'realsense-ros/realsense2_camera_msgs'
[0.468s] INFO:colcon.colcon_core.package_selection:Skipping not selected package 'surveillance' in 'surveillance'
[0.468s] INFO:colcon.colcon_core.package_selection:Skipping not selected package 'surveillance_msgs' in 'surveillance_msgs'
[0.468s] INFO:colcon.colcon_core.package_selection:Skipping not selected package 'utils' in 'utils'
[0.468s] INFO:colcon.colcon_core.package_selection:Skipping not selected package 'yolo_msgs' in 'yolo_ros/yolo_msgs'
[0.468s] INFO:colcon.colcon_core.package_selection:Skipping not selected package 'libmavconn' in 'mavros/libmavconn'
[0.468s] INFO:colcon.colcon_core.package_selection:Skipping not selected package 'realsense2_camera' in 'realsense-ros/realsense2_camera'
[0.468s] INFO:colcon.colcon_core.package_selection:Skipping not selected package 'realsense2_description' in 'realsense-ros/realsense2_description'
[0.468s] INFO:colcon.colcon_core.package_selection:Skipping not selected package 'reconstruction' in 'reconstruction'
[0.468s] INFO:colcon.colcon_core.package_selection:Skipping not selected package 'yolo_ros' in 'yolo_ros/yolo_ros'
[0.468s] INFO:colcon.colcon_core.package_selection:Skipping not selected package 'mavros' in 'mavros/mavros'
[0.469s] INFO:colcon.colcon_core.package_selection:Skipping not selected package 'yolo_bringup' in 'yolo_ros/yolo_bringup'
[0.469s] INFO:colcon.colcon_core.package_selection:Skipping not selected package 'mavros_extras' in 'mavros/mavros_extras'
[0.470s] Level 1:colcon.colcon_core.package_discovery:discover_packages(prefix_path) check parameters
[0.470s] Level 1:colcon.colcon_core.package_discovery:discover_packages(prefix_path) discover
[0.474s] DEBUG:colcon.colcon_installed_package_information.package_discovery:Found 281 installed packages in /opt/ros/humble
[0.476s] Level 1:colcon.colcon_core.package_discovery:discover_packages(prefix_path) using defaults
[0.545s] Level 5:colcon.colcon_core.verb:set package 'body_pose_node' build argument 'cmake_args' from command line to 'None'
[0.545s] Level 5:colcon.colcon_core.verb:set package 'body_pose_node' build argument 'cmake_target' from command line to 'None'
[0.546s] Level 5:colcon.colcon_core.verb:set package 'body_pose_node' build argument 'cmake_target_skip_unavailable' from command line to 'False'
[0.546s] Level 5:colcon.colcon_core.verb:set package 'body_pose_node' build argument 'cmake_clean_cache' from command line to 'False'
[0.546s] Level 5:colcon.colcon_core.verb:set package 'body_pose_node' build argument 'cmake_clean_first' from command line to 'False'
[0.546s] Level 5:colcon.colcon_core.verb:set package 'body_pose_node' build argument 'cmake_force_configure' from command line to 'False'
[0.546s] Level 5:colcon.colcon_core.verb:set package 'body_pose_node' build argument 'ament_cmake_args' from command line to 'None'
[0.546s] Level 5:colcon.colcon_core.verb:set package 'body_pose_node' build argument 'catkin_cmake_args' from command line to 'None'
[0.546s] Level 5:colcon.colcon_core.verb:set package 'body_pose_node' build argument 'catkin_skip_building_tests' from command line to 'False'
[0.546s] DEBUG:colcon.colcon_core.verb:Building package 'body_pose_node' with the following arguments: {'ament_cmake_args': None, 'build_base': '/home/lebron/ros2_ws/src/build/body_pose_node', 'catkin_cmake_args': None, 'catkin_skip_building_tests': False, 'cmake_args': None, 'cmake_clean_cache': False, 'cmake_clean_first': False, 'cmake_force_configure': False, 'cmake_target': None, 'cmake_target_skip_unavailable': False, 'install_base': '/home/lebron/ros2_ws/src/install/body_pose_node', 'merge_install': False, 'path': '/home/lebron/ros2_ws/src/body_pose_node', 'symlink_install': True, 'test_result_base': None}
[0.546s] INFO:colcon.colcon_core.executor:Executing jobs using 'parallel' executor
[0.549s] DEBUG:colcon.colcon_parallel_executor.executor.parallel:run_until_complete
[0.549s] INFO:colcon.colcon_ros.task.ament_python.build:Building ROS package in '/home/lebron/ros2_ws/src/body_pose_node' with build type 'ament_python'
[0.550s] Level 1:colcon.colcon_core.shell:create_environment_hook('body_pose_node', 'ament_prefix_path')
[0.555s] INFO:colcon.colcon_core.plugin_system:Skipping extension 'colcon_core.shell.bat': Not used on non-Windows systems
[0.555s] INFO:colcon.colcon_core.shell:Creating environment hook '/home/lebron/ros2_ws/src/install/body_pose_node/share/body_pose_node/hook/ament_prefix_path.ps1'
[0.557s] INFO:colcon.colcon_core.shell:Creating environment descriptor '/home/lebron/ros2_ws/src/install/body_pose_node/share/body_pose_node/hook/ament_prefix_path.dsv'
[0.558s] INFO:colcon.colcon_core.shell:Creating environment hook '/home/lebron/ros2_ws/src/install/body_pose_node/share/body_pose_node/hook/ament_prefix_path.sh'
[0.559s] INFO:colcon.colcon_core.shell:Skip shell extension 'powershell' for command environment: Not usable outside of PowerShell
[0.560s] DEBUG:colcon.colcon_core.shell:Skip shell extension 'dsv' for command environment
[1.054s] WARNING:colcon.colcon_ros.task.ament_python.build:Package 'body_pose_node' doesn't explicitly install a marker in the package index (colcon-ros currently does it implicitly but that fallback will be removed in the future)
[1.055s] INFO:colcon.colcon_core.task.python.build:Building Python package in '/home/lebron/ros2_ws/src/body_pose_node'
[1.055s] INFO:colcon.colcon_core.shell:Skip shell extension 'powershell' for command environment: Not usable outside of PowerShell
[1.055s] DEBUG:colcon.colcon_core.shell:Skip shell extension 'dsv' for command environment
[2.386s] DEBUG:colcon.colcon_core.event_handler.log_command:Invoking command in '/home/lebron/ros2_ws/src/build/body_pose_node': PYTHONPATH=/home/lebron/ros2_ws/src/build/body_pose_node/prefix_override:/usr/lib/python3/dist-packages/colcon_core/task/python/colcon_distutils_commands:/home/lebron/ros2_ws/src/install/body_pose_node/lib/python3.10/site-packages:${PYTHONPATH} /usr/bin/python3 -W ignore:setup.py install is deprecated -W ignore:easy_install command is deprecated setup.py develop --editable --build-directory /home/lebron/ros2_ws/src/build/body_pose_node/build --no-deps symlink_data
[3.992s] Level 1:colcon.colcon_core.shell:create_environment_hook('body_pose_node', 'pythonpath_develop')
[3.993s] DEBUG:colcon.colcon_core.event_handler.log_command:Invoked command in '/home/lebron/ros2_ws/src/build/body_pose_node' returned '0': PYTHONPATH=/home/lebron/ros2_ws/src/build/body_pose_node/prefix_override:/usr/lib/python3/dist-packages/colcon_core/task/python/colcon_distutils_commands:/home/lebron/ros2_ws/src/install/body_pose_node/lib/python3.10/site-packages:${PYTHONPATH} /usr/bin/python3 -W ignore:setup.py install is deprecated -W ignore:easy_install command is deprecated setup.py develop --editable --build-directory /home/lebron/ros2_ws/src/build/body_pose_node/build --no-deps symlink_data
[3.994s] INFO:colcon.colcon_core.shell:Creating environment hook '/home/lebron/ros2_ws/src/build/body_pose_node/share/body_pose_node/hook/pythonpath_develop.ps1'
[3.996s] INFO:colcon.colcon_core.shell:Creating environment descriptor '/home/lebron/ros2_ws/src/build/body_pose_node/share/body_pose_node/hook/pythonpath_develop.dsv'
[3.997s] INFO:colcon.colcon_core.shell:Creating environment hook '/home/lebron/ros2_ws/src/build/body_pose_node/share/body_pose_node/hook/pythonpath_develop.sh'
[4.007s] Level 1:colcon.colcon_core.environment:checking '/home/lebron/ros2_ws/src/install/body_pose_node' for CMake module files
[4.008s] Level 1:colcon.colcon_core.environment:checking '/home/lebron/ros2_ws/src/install/body_pose_node' for CMake config files
[4.010s] Level 1:colcon.colcon_core.environment:checking '/home/lebron/ros2_ws/src/install/body_pose_node/lib'
[4.011s] Level 1:colcon.colcon_core.environment:checking '/home/lebron/ros2_ws/src/install/body_pose_node/bin'
[4.011s] Level 1:colcon.colcon_core.environment:checking '/home/lebron/ros2_ws/src/install/body_pose_node/lib/pkgconfig/body_pose_node.pc'
[4.012s] Level 1:colcon.colcon_core.environment:checking '/home/lebron/ros2_ws/src/install/body_pose_node/lib/python3.10/site-packages'
[4.013s] Level 1:colcon.colcon_core.shell:create_environment_hook('body_pose_node', 'pythonpath')
[4.013s] INFO:colcon.colcon_core.shell:Creating environment hook '/home/lebron/ros2_ws/src/install/body_pose_node/share/body_pose_node/hook/pythonpath.ps1'
[4.015s] INFO:colcon.colcon_core.shell:Creating environment descriptor '/home/lebron/ros2_ws/src/install/body_pose_node/share/body_pose_node/hook/pythonpath.dsv'
[4.016s] INFO:colcon.colcon_core.shell:Creating environment hook '/home/lebron/ros2_ws/src/install/body_pose_node/share/body_pose_node/hook/pythonpath.sh'
[4.018s] Level 1:colcon.colcon_core.environment:checking '/home/lebron/ros2_ws/src/install/body_pose_node/bin'
[4.019s] Level 1:colcon.colcon_core.environment:create_environment_scripts_only(body_pose_node)
[4.020s] INFO:colcon.colcon_core.shell:Creating package script '/home/lebron/ros2_ws/src/install/body_pose_node/share/body_pose_node/package.ps1'
[4.022s] INFO:colcon.colcon_core.shell:Creating package descriptor '/home/lebron/ros2_ws/src/install/body_pose_node/share/body_pose_node/package.dsv'
[4.023s] INFO:colcon.colcon_core.shell:Creating package script '/home/lebron/ros2_ws/src/install/body_pose_node/share/body_pose_node/package.sh'
[4.025s] INFO:colcon.colcon_core.shell:Creating package script '/home/lebron/ros2_ws/src/install/body_pose_node/share/body_pose_node/package.bash'
[4.027s] INFO:colcon.colcon_core.shell:Creating package script '/home/lebron/ros2_ws/src/install/body_pose_node/share/body_pose_node/package.zsh'
[4.029s] Level 1:colcon.colcon_core.environment:create_file_with_runtime_dependencies(/home/lebron/ros2_ws/src/install/body_pose_node/share/colcon-core/packages/body_pose_node)
[4.030s] DEBUG:colcon.colcon_parallel_executor.executor.parallel:closing loop
[4.031s] DEBUG:colcon.colcon_parallel_executor.executor.parallel:loop closed
[4.032s] DEBUG:colcon.colcon_parallel_executor.executor.parallel:run_until_complete finished with '0'
[4.032s] DEBUG:colcon.colcon_core.event_reactor:joining thread
[4.058s] INFO:colcon.colcon_core.plugin_system:Skipping extension 'colcon_notification.desktop_notification.terminal_notifier': Not used on non-Darwin systems
[4.058s] INFO:colcon.colcon_core.plugin_system:Skipping extension 'colcon_notification.desktop_notification.win32': Not used on non-Windows systems
[4.058s] INFO:colcon.colcon_notification.desktop_notification:Sending desktop notification using 'notify2'
[4.105s] DEBUG:colcon.colcon_core.event_reactor:joined thread
[4.107s] INFO:colcon.colcon_core.shell:Creating prefix script '/home/lebron/ros2_ws/src/install/local_setup.ps1'
[4.111s] INFO:colcon.colcon_core.shell:Creating prefix util module '/home/lebron/ros2_ws/src/install/_local_setup_util_ps1.py'
[4.120s] INFO:colcon.colcon_core.shell:Creating prefix chain script '/home/lebron/ros2_ws/src/install/setup.ps1'
[4.125s] INFO:colcon.colcon_core.shell:Creating prefix script '/home/lebron/ros2_ws/src/install/local_setup.sh'
[4.128s] INFO:colcon.colcon_core.shell:Creating prefix util module '/home/lebron/ros2_ws/src/install/_local_setup_util_sh.py'
[4.130s] INFO:colcon.colcon_core.shell:Creating prefix chain script '/home/lebron/ros2_ws/src/install/setup.sh'
[4.133s] INFO:colcon.colcon_core.shell:Creating prefix script '/home/lebron/ros2_ws/src/install/local_setup.bash'
[4.134s] INFO:colcon.colcon_core.shell:Creating prefix chain script '/home/lebron/ros2_ws/src/install/setup.bash'
[4.137s] INFO:colcon.colcon_core.shell:Creating prefix script '/home/lebron/ros2_ws/src/install/local_setup.zsh'
[4.138s] INFO:colcon.colcon_core.shell:Creating prefix chain script '/home/lebron/ros2_ws/src/install/setup.zsh'
